# JRE version: OpenJDK Runtime Environment Temurin-21.0.10+7 (21.0.10+7) (build 21.0.10+7-LTS)
# Java VM: OpenJDK 64-Bit Server VM Temurin-21.0.10+7 (21.0.10+7-LTS, mixed mode, sharing, tiered, compressed oops, compressed class ptrs, parallel gc, windows-amd64)
GC Precious Log:
 CardTable entry size: 512
 CPUs: 12 total, 12 available
 Memory: 7916M
 Large Page Support: Disabled
 NUMA Support: Disabled
 Compressed Oops: Enabled (32-bit)
 Alignments: Space 512K, Generation 512K, Heap 2M
 Heap Min Capacity: 100M
 Heap Initial Capacity: 100M
 Heap Max Capacity: 2G
 Pre-touch: Disabled
 Parallel Workers: 10
Heap:
 PSYoungGen      total 23552K, used 8431K [0x00000000d5580000, 0x00000000d7080000, 0x0000000100000000)
  eden space 21504K, 29% used [0x00000000d5580000,0x00000000d5bc3d50,0x00000000d6a80000)
  from space 2048K, 98% used [0x00000000d6a80000,0x00000000d6c78020,0x00000000d6c80000)
  to   space 3072K, 0% used [0x00000000d6d80000,0x00000000d6d80000,0x00000000d7080000)
 ParOldGen       total 68608K, used 64687K [0x0000000080000000, 0x0000000084300000, 0x00000000d5580000)
  object space 68608K, 94% used [0x0000000080000000,0x0000000083f2bdb0,0x0000000084300000)
 Metaspace       used 56886K, committed 58304K, reserved 1114112K
  class space    used 6071K, committed 6720K, reserved 1048576K
GC Heap History (20 events):
Event: 36.565 GC heap before
{Heap before GC invocations=30 (full 2):
 PSYoungGen      total 26624K, used 23440K [0x00000000d5580000, 0x00000000d7500000, 0x0000000100000000)
  eden space 22016K, 100% used [0x00000000d5580000,0x00000000d6b00000,0x00000000d6b00000)
  from space 4608K, 30% used [0x00000000d6d80000,0x00000000d6ee4020,0x00000000d7200000)
  to   space 2048K, 0% used [0x00000000d7300000,0x00000000d7300000,0x00000000d7500000)
 ParOldGen       total 68608K, used 46422K [0x0000000080000000, 0x0000000084300000, 0x00000000d5580000)
  object space 68608K, 67% used [0x0000000080000000,0x0000000082d55b78,0x0000000084300000)
 Metaspace       used 52077K, committed 53440K, reserved 1114112K
  class space    used 5644K, committed 6272K, reserved 1048576K
}
Event: 36.570 GC heap after
{Heap after GC invocations=30 (full 2):
 PSYoungGen      total 24064K, used 1790K [0x00000000d5580000, 0x00000000d7500000, 0x0000000100000000)
  eden space 22016K, 0% used [0x00000000d5580000,0x00000000d5580000,0x00000000d6b00000)
  from space 2048K, 87% used [0x00000000d7300000,0x00000000d74bf970,0x00000000d7500000)
  to   space 2048K, 0% used [0x00000000d7100000,0x00000000d7100000,0x00000000d7300000)
 ParOldGen       total 68608K, used 47618K [0x0000000080000000, 0x0000000084300000, 0x00000000d5580000)
  object space 68608K, 69% used [0x0000000080000000,0x0000000082e80930,0x0000000084300000)
 Metaspace       used 52077K, committed 53440K, reserved 1114112K
  class space    used 5644K, committed 6272K, reserved 1048576K
}
Event: 40.641 GC heap before
{Heap before GC invocations=31 (full 2):
 PSYoungGen      total 24064K, used 23788K [0x00000000d5580000, 0x00000000d7500000, 0x0000000100000000)
  eden space 22016K, 99% used [0x00000000d5580000,0x00000000d6afb798,0x00000000d6b00000)
  from space 2048K, 87% used [0x00000000d7300000,0x00000000d74bf970,0x00000000d7500000)
  to   space 2048K, 0% used [0x00000000d7100000,0x00000000d7100000,0x00000000d7300000)
 ParOldGen       total 68608K, used 47618K [0x0000000080000000, 0x0000000084300000, 0x00000000d5580000)
  object space 68608K, 69% used [0x0000000080000000,0x0000000082e80930,0x0000000084300000)
 Metaspace       used 53135K, committed 54528K, reserved 1114112K
  class space    used 5746K, committed 6400K, reserved 1048576K
}
Event: 40.645 GC heap after
{Heap after GC invocations=31 (full 2):
 PSYoungGen      total 24064K, used 2017K [0x00000000d5580000, 0x00000000d7380000, 0x0000000100000000)
  eden space 22016K, 0% used [0x00000000d5580000,0x00000000d5580000,0x00000000d6b00000)
  from space 2048K, 98% used [0x00000000d7100000,0x00000000d72f8408,0x00000000d7300000)
  to   space 512K, 0% used [0x00000000d7300000,0x00000000d7300000,0x00000000d7380000)
 ParOldGen       total 68608K, used 49278K [0x0000000080000000, 0x0000000084300000, 0x00000000d5580000)
  object space 68608K, 71% used [0x0000000080000000,0x000000008301f940,0x0000000084300000)
 Metaspace       used 53135K, committed 54528K, reserved 1114112K
  class space    used 5746K, committed 6400K, reserved 1048576K
}
Event: 43.696 GC heap before
{Heap before GC invocations=32 (full 2):
 PSYoungGen      total 24064K, used 24033K [0x00000000d5580000, 0x00000000d7380000, 0x0000000100000000)
  eden space 22016K, 100% used [0x00000000d5580000,0x00000000d6b00000,0x00000000d6b00000)
  from space 2048K, 98% used [0x00000000d7100000,0x00000000d72f8408,0x00000000d7300000)
  to   space 512K, 0% used [0x00000000d7300000,0x00000000d7300000,0x00000000d7380000)
 ParOldGen       total 68608K, used 49278K [0x0000000080000000, 0x0000000084300000, 0x00000000d5580000)
  object space 68608K, 71% used [0x0000000080000000,0x000000008301f940,0x0000000084300000)
 Metaspace       used 53154K, committed 54528K, reserved 1114112K
  class space    used 5746K, committed 6400K, reserved 1048576K
}
Event: 43.698 GC heap after
{Heap after GC invocations=32 (full 2):
 PSYoungGen      total 22528K, used 480K [0x00000000d5580000, 0x00000000d7380000, 0x0000000100000000)
  eden space 22016K, 0% used [0x00000000d5580000,0x00000000d5580000,0x00000000d6b00000)
  from space 512K, 93% used [0x00000000d7300000,0x00000000d7378388,0x00000000d7380000)
  to   space 2560K, 0% used [0x00000000d6e80000,0x00000000d6e80000,0x00000000d7100000)
 ParOldGen       total 68608K, used 50515K [0x0000000080000000, 0x0000000084300000, 0x00000000d5580000)
  object space 68608K, 73% used [0x0000000080000000,0x0000000083154f18,0x0000000084300000)
 Metaspace       used 53154K, committed 54528K, reserved 1114112K
  class space    used 5746K, committed 6400K, reserved 1048576K
}
Event: 45.075 GC heap before
{Heap before GC invocations=33 (full 2):
 PSYoungGen      total 22528K, used 22496K [0x00000000d5580000, 0x00000000d7380000, 0x0000000100000000)
  eden space 22016K, 100% used [0x00000000d5580000,0x00000000d6b00000,0x00000000d6b00000)
  from space 512K, 93% used [0x00000000d7300000,0x00000000d7378388,0x00000000d7380000)
  to   space 2560K, 0% used [0x00000000d6e80000,0x00000000d6e80000,0x00000000d7100000)
 ParOldGen       total 68608K, used 50515K [0x0000000080000000, 0x0000000084300000, 0x00000000d5580000)
  object space 68608K, 73% used [0x0000000080000000,0x0000000083154f18,0x0000000084300000)
 Metaspace       used 54071K, committed 55424K, reserved 1114112K
  class space    used 5843K, committed 6464K, reserved 1048576K
}
Event: 45.076 GC heap after
{Heap after GC invocations=33 (full 2):
 PSYoungGen      total 24576K, used 384K [0x00000000d5580000, 0x00000000d7380000, 0x0000000100000000)
  eden space 22016K, 0% used [0x00000000d5580000,0x00000000d5580000,0x00000000d6b00000)
  from space 2560K, 15% used [0x00000000d6e80000,0x00000000d6ee0000,0x00000000d7100000)
  to   space 1024K, 0% used [0x00000000d7280000,0x00000000d7280000,0x00000000d7380000)
 ParOldGen       total 68608K, used 50667K [0x0000000080000000, 0x0000000084300000, 0x00000000d5580000)
  object space 68608K, 73% used [0x0000000080000000,0x000000008317af18,0x0000000084300000)
 Metaspace       used 54071K, committed 55424K, reserved 1114112K
  class space    used 5843K, committed 6464K, reserved 1048576K
}
Event: 46.221 GC heap before
{Heap before GC invocations=34 (full 2):
 PSYoungGen      total 24576K, used 22400K [0x00000000d5580000, 0x00000000d7380000, 0x0000000100000000)
  eden space 22016K, 100% used [0x00000000d5580000,0x00000000d6b00000,0x00000000d6b00000)
  from space 2560K, 15% used [0x00000000d6e80000,0x00000000d6ee0000,0x00000000d7100000)
  to   space 1024K, 0% used [0x00000000d7280000,0x00000000d7280000,0x00000000d7380000)
 ParOldGen       total 68608K, used 50667K [0x0000000080000000, 0x0000000084300000, 0x00000000d5580000)
  object space 68608K, 73% used [0x0000000080000000,0x000000008317af18,0x0000000084300000)
 Metaspace       used 55596K, committed 56960K, reserved 1114112K
  class space    used 5972K, committed 6592K, reserved 1048576K
}
Event: 46.224 GC heap after
{Heap after GC invocations=34 (full 2):
 PSYoungGen      total 23040K, used 1023K [0x00000000d5580000, 0x00000000d7600000, 0x0000000100000000)
  eden space 22016K, 0% used [0x00000000d5580000,0x00000000d5580000,0x00000000d6b00000)
  from space 1024K, 99% used [0x00000000d7280000,0x00000000d737ff98,0x00000000d7380000)
  to   space 5632K, 0% used [0x00000000d6b00000,0x00000000d6b00000,0x00000000d7080000)
 ParOldGen       total 68608K, used 54216K [0x0000000080000000, 0x0000000084300000, 0x00000000d5580000)
  object space 68608K, 79% used [0x0000000080000000,0x00000000834f2178,0x0000000084300000)
 Metaspace       used 55596K, committed 56960K, reserved 1114112K
  class space    used 5972K, committed 6592K, reserved 1048576K
}
Event: 47.650 GC heap before
{Heap before GC invocations=35 (full 2):
 PSYoungGen      total 23040K, used 23039K [0x00000000d5580000, 0x00000000d7600000, 0x0000000100000000)
  eden space 22016K, 100% used [0x00000000d5580000,0x00000000d6b00000,0x00000000d6b00000)
  from space 1024K, 99% used [0x00000000d7280000,0x00000000d737ff98,0x00000000d7380000)
  to   space 5632K, 0% used [0x00000000d6b00000,0x00000000d6b00000,0x00000000d7080000)
 ParOldGen       total 68608K, used 54216K [0x0000000080000000, 0x0000000084300000, 0x00000000d5580000)
  object space 68608K, 79% used [0x0000000080000000,0x00000000834f2178,0x0000000084300000)
 Metaspace       used 56444K, committed 57856K, reserved 1114112K
  class space    used 6046K, committed 6720K, reserved 1048576K
}
Event: 47.655 GC heap after
{Heap after GC invocations=35 (full 2):
 PSYoungGen      total 25088K, used 2816K [0x00000000d5580000, 0x00000000d7300000, 0x0000000100000000)
  eden space 22016K, 0% used [0x00000000d5580000,0x00000000d5580000,0x00000000d6b00000)
  from space 3072K, 91% used [0x00000000d6b00000,0x00000000d6dc0000,0x00000000d6e00000)
  to   space 3584K, 0% used [0x00000000d6f80000,0x00000000d6f80000,0x00000000d7300000)
 ParOldGen       total 68608K, used 55232K [0x0000000080000000, 0x0000000084300000, 0x00000000d5580000)
  object space 68608K, 80% used [0x0000000080000000,0x00000000835f0318,0x0000000084300000)
 Metaspace       used 56444K, committed 57856K, reserved 1114112K
  class space    used 6046K, committed 6720K, reserved 1048576K
}
Event: 49.019 GC heap before
{Heap before GC invocations=36 (full 2):
 PSYoungGen      total 25088K, used 24832K [0x00000000d5580000, 0x00000000d7300000, 0x0000000100000000)
  eden space 22016K, 100% used [0x00000000d5580000,0x00000000d6b00000,0x00000000d6b00000)
  from space 3072K, 91% used [0x00000000d6b00000,0x00000000d6dc0000,0x00000000d6e00000)
  to   space 3584K, 0% used [0x00000000d6f80000,0x00000000d6f80000,0x00000000d7300000)
 ParOldGen       total 68608K, used 55232K [0x0000000080000000, 0x0000000084300000, 0x00000000d5580000)
  object space 68608K, 80% used [0x0000000080000000,0x00000000835f0318,0x0000000084300000)
 Metaspace       used 56679K, committed 58112K, reserved 1114112K
  class space    used 6061K, committed 6720K, reserved 1048576K
}
Event: 49.024 GC heap after
{Heap after GC invocations=36 (full 2):
 PSYoungGen      total 25600K, used 3151K [0x00000000d5580000, 0x00000000d7300000, 0x0000000100000000)
  eden space 22016K, 0% used [0x00000000d5580000,0x00000000d5580000,0x00000000d6b00000)
  from space 3584K, 87% used [0x00000000d6f80000,0x00000000d7293c88,0x00000000d7300000)
  to   space 3584K, 0% used [0x00000000d6c00000,0x00000000d6c00000,0x00000000d6f80000)
 ParOldGen       total 68608K, used 57903K [0x0000000080000000, 0x0000000084300000, 0x00000000d5580000)
  object space 68608K, 84% used [0x0000000080000000,0x000000008388bc98,0x0000000084300000)
 Metaspace       used 56679K, committed 58112K, reserved 1114112K
  class space    used 6061K, committed 6720K, reserved 1048576K
}
Event: 49.558 GC heap before
{Heap before GC invocations=37 (full 2):
 PSYoungGen      total 25600K, used 25167K [0x00000000d5580000, 0x00000000d7300000, 0x0000000100000000)
  eden space 22016K, 100% used [0x00000000d5580000,0x00000000d6b00000,0x00000000d6b00000)
  from space 3584K, 87% used [0x00000000d6f80000,0x00000000d7293c88,0x00000000d7300000)
  to   space 3584K, 0% used [0x00000000d6c00000,0x00000000d6c00000,0x00000000d6f80000)
 ParOldGen       total 68608K, used 57903K [0x0000000080000000, 0x0000000084300000, 0x00000000d5580000)
  object space 68608K, 84% used [0x0000000080000000,0x000000008388bc98,0x0000000084300000)
 Metaspace       used 56745K, committed 58176K, reserved 1114112K
  class space    used 6062K, committed 6720K, reserved 1048576K
}
Event: 49.565 GC heap after
{Heap after GC invocations=37 (full 2):
 PSYoungGen      total 24576K, used 2144K [0x00000000d5580000, 0x00000000d7000000, 0x0000000100000000)
  eden space 22016K, 0% used [0x00000000d5580000,0x00000000d5580000,0x00000000d6b00000)
  from space 2560K, 83% used [0x00000000d6c00000,0x00000000d6e18080,0x00000000d6e80000)
  to   space 1536K, 0% used [0x00000000d6e80000,0x00000000d6e80000,0x00000000d7000000)
 ParOldGen       total 68608K, used 60946K [0x0000000080000000, 0x0000000084300000, 0x00000000d5580000)
  object space 68608K, 88% used [0x0000000080000000,0x0000000083b84a58,0x0000000084300000)
 Metaspace       used 56745K, committed 58176K, reserved 1114112K
  class space    used 6062K, committed 6720K, reserved 1048576K
}
Event: 49.905 GC heap before
{Heap before GC invocations=38 (full 2):
 PSYoungGen      total 24576K, used 24160K [0x00000000d5580000, 0x00000000d7000000, 0x0000000100000000)
  eden space 22016K, 100% used [0x00000000d5580000,0x00000000d6b00000,0x00000000d6b00000)
  from space 2560K, 83% used [0x00000000d6c00000,0x00000000d6e18080,0x00000000d6e80000)
  to   space 1536K, 0% used [0x00000000d6e80000,0x00000000d6e80000,0x00000000d7000000)
 ParOldGen       total 68608K, used 60946K [0x0000000080000000, 0x0000000084300000, 0x00000000d5580000)
  object space 68608K, 88% used [0x0000000080000000,0x0000000083b84a58,0x0000000084300000)
 Metaspace       used 56790K, committed 58176K, reserved 1114112K
  class space    used 6063K, committed 6720K, reserved 1048576K
}
Event: 49.912 GC heap after
{Heap after GC invocations=38 (full 2):
 PSYoungGen      total 23040K, used 1520K [0x00000000d5580000, 0x00000000d7300000, 0x0000000100000000)
  eden space 21504K, 0% used [0x00000000d5580000,0x00000000d5580000,0x00000000d6a80000)
  from space 1536K, 98% used [0x00000000d6e80000,0x00000000d6ffc030,0x00000000d7000000)
  to   space 4096K, 0% used [0x00000000d6a80000,0x00000000d6a80000,0x00000000d6e80000)
 ParOldGen       total 68608K, used 63223K [0x0000000080000000, 0x0000000084300000, 0x00000000d5580000)
  object space 68608K, 92% used [0x0000000080000000,0x0000000083dbdc58,0x0000000084300000)
 Metaspace       used 56790K, committed 58176K, reserved 1114112K
  class space    used 6063K, committed 6720K, reserved 1048576K
}
Event: 50.984 GC heap before
{Heap before GC invocations=39 (full 2):
 PSYoungGen      total 23040K, used 23024K [0x00000000d5580000, 0x00000000d7300000, 0x0000000100000000)
  eden space 21504K, 100% used [0x00000000d5580000,0x00000000d6a80000,0x00000000d6a80000)
  from space 1536K, 98% used [0x00000000d6e80000,0x00000000d6ffc030,0x00000000d7000000)
  to   space 4096K, 0% used [0x00000000d6a80000,0x00000000d6a80000,0x00000000d6e80000)
 ParOldGen       total 68608K, used 63223K [0x0000000080000000, 0x0000000084300000, 0x00000000d5580000)
  object space 68608K, 92% used [0x0000000080000000,0x0000000083dbdc58,0x0000000084300000)
 Metaspace       used 56854K, committed 58304K, reserved 1114112K
  class space    used 6068K, committed 6720K, reserved 1048576K
}
Event: 50.989 GC heap after
{Heap after GC invocations=39 (full 2):
 PSYoungGen      total 23552K, used 2016K [0x00000000d5580000, 0x00000000d7080000, 0x0000000100000000)
  eden space 21504K, 0% used [0x00000000d5580000,0x00000000d5580000,0x00000000d6a80000)
  from space 2048K, 98% used [0x00000000d6a80000,0x00000000d6c78020,0x00000000d6c80000)
  to   space 3072K, 0% used [0x00000000d6d80000,0x00000000d6d80000,0x00000000d7080000)
 ParOldGen       total 68608K, used 64687K [0x0000000080000000, 0x0000000084300000, 0x00000000d5580000)
  object space 68608K, 94% used [0x0000000080000000,0x0000000083f2bdb0,0x0000000084300000)
 Metaspace       used 56854K, committed 58304K, reserved 1114112K
  class space    used 6068K, committed 6720K, reserved 1048576K
}

