# JRE version: OpenJDK Runtime Environment Temurin-21.0.10+7 (21.0.10+7) (build 21.0.10+7-LTS)
# Java VM: OpenJDK 64-Bit Server VM Temurin-21.0.10+7 (21.0.10+7-LTS, mixed mode, sharing, tiered, compressed oops, compressed class ptrs, parallel gc, windows-amd64)
GC Precious Log:
 CardTable entry size: 512
 CPUs: 12 total, 12 available
 Memory: 7916M
 Large Page Support: Disabled
 NUMA Support: Disabled
 Compressed Oops: Enabled (32-bit)
 Alignments: Space 512K, Generation 512K, Heap 2M
 Heap Min Capacity: 100M
 Heap Initial Capacity: 100M
 Heap Max Capacity: 2G
 Pre-touch: Disabled
 Parallel Workers: 10
Heap:
 PSYoungGen      total 6144K, used 3413K [0x00000000d5580000, 0x00000000d5c80000, 0x0000000100000000)
  eden space 5120K, 50% used [0x00000000d5580000,0x00000000d5806bb8,0x00000000d5a80000)
  from space 1024K, 80% used [0x00000000d5b80000,0x00000000d5c4e990,0x00000000d5c80000)
  to   space 1024K, 0% used [0x00000000d5a80000,0x00000000d5a80000,0x00000000d5b80000)
 ParOldGen       total 852480K, used 337237K [0x0000000080000000, 0x00000000b4080000, 0x00000000d5580000)
  object space 852480K, 39% used [0x0000000080000000,0x00000000949555d8,0x00000000b4080000)
 Metaspace       used 89571K, committed 91328K, reserved 1179648K
  class space    used 9116K, committed 9920K, reserved 1048576K
GC Heap History (20 events):
Event: 3107.745 GC heap before
{Heap before GC invocations=760 (full 5):
 PSYoungGen      total 6144K, used 5972K [0x00000000d5580000, 0x00000000d5d80000, 0x0000000100000000)
  eden space 5120K, 99% used [0x00000000d5580000,0x00000000d5a7fff0,0x00000000d5a80000)
  from space 1024K, 83% used [0x00000000d5c80000,0x00000000d5d55200,0x00000000d5d80000)
  to   space 1024K, 0% used [0x00000000d5b80000,0x00000000d5b80000,0x00000000d5c80000)
 ParOldGen       total 852480K, used 330649K [0x0000000080000000, 0x00000000b4080000, 0x00000000d5580000)
  object space 852480K, 38% used [0x0000000080000000,0x00000000942e6660,0x00000000b4080000)
 Metaspace       used 89345K, committed 91136K, reserved 1179648K
  class space    used 9107K, committed 9920K, reserved 1048576K
}
Event: 3107.749 GC heap after
{Heap after GC invocations=760 (full 5):
 PSYoungGen      total 6144K, used 752K [0x00000000d5580000, 0x00000000d5d00000, 0x0000000100000000)
  eden space 5120K, 0% used [0x00000000d5580000,0x00000000d5580000,0x00000000d5a80000)
  from space 1024K, 73% used [0x00000000d5b80000,0x00000000d5c3c010,0x00000000d5c80000)
  to   space 512K, 0% used [0x00000000d5c80000,0x00000000d5c80000,0x00000000d5d00000)
 ParOldGen       total 852480K, used 331397K [0x0000000080000000, 0x00000000b4080000, 0x00000000d5580000)
  object space 852480K, 38% used [0x0000000080000000,0x00000000943a1588,0x00000000b4080000)
 Metaspace       used 89345K, committed 91136K, reserved 1179648K
  class space    used 9107K, committed 9920K, reserved 1048576K
}
Event: 3107.760 GC heap before
{Heap before GC invocations=761 (full 5):
 PSYoungGen      total 6144K, used 5872K [0x00000000d5580000, 0x00000000d5d00000, 0x0000000100000000)
  eden space 5120K, 100% used [0x00000000d5580000,0x00000000d5a80000,0x00000000d5a80000)
  from space 1024K, 73% used [0x00000000d5b80000,0x00000000d5c3c010,0x00000000d5c80000)
  to   space 512K, 0% used [0x00000000d5c80000,0x00000000d5c80000,0x00000000d5d00000)
 ParOldGen       total 852480K, used 331397K [0x0000000080000000, 0x00000000b4080000, 0x00000000d5580000)
  object space 852480K, 38% used [0x0000000080000000,0x00000000943a1588,0x00000000b4080000)
 Metaspace       used 89345K, committed 91136K, reserved 1179648K
  class space    used 9107K, committed 9920K, reserved 1048576K
}
Event: 3107.763 GC heap after
{Heap after GC invocations=761 (full 5):
 PSYoungGen      total 5632K, used 512K [0x00000000d5580000, 0x00000000d5d80000, 0x0000000100000000)
  eden space 5120K, 0% used [0x00000000d5580000,0x00000000d5580000,0x00000000d5a80000)
  from space 512K, 100% used [0x00000000d5c80000,0x00000000d5d00000,0x00000000d5d00000)
  to   space 1536K, 0% used [0x00000000d5a80000,0x00000000d5a80000,0x00000000d5c00000)
 ParOldGen       total 852480K, used 332053K [0x0000000080000000, 0x00000000b4080000, 0x00000000d5580000)
  object space 852480K, 38% used [0x0000000080000000,0x00000000944455c8,0x00000000b4080000)
 Metaspace       used 89345K, committed 91136K, reserved 1179648K
  class space    used 9107K, committed 9920K, reserved 1048576K
}
Event: 3127.266 GC heap before
{Heap before GC invocations=762 (full 5):
 PSYoungGen      total 5632K, used 5632K [0x00000000d5580000, 0x00000000d5d80000, 0x0000000100000000)
  eden space 5120K, 100% used [0x00000000d5580000,0x00000000d5a80000,0x00000000d5a80000)
  from space 512K, 100% used [0x00000000d5c80000,0x00000000d5d00000,0x00000000d5d00000)
  to   space 1536K, 0% used [0x00000000d5a80000,0x00000000d5a80000,0x00000000d5c00000)
 ParOldGen       total 852480K, used 332053K [0x0000000080000000, 0x00000000b4080000, 0x00000000d5580000)
  object space 852480K, 38% used [0x0000000080000000,0x00000000944455c8,0x00000000b4080000)
 Metaspace       used 89395K, committed 91136K, reserved 1179648K
  class space    used 9108K, committed 9920K, reserved 1048576K
}
Event: 3127.270 GC heap after
{Heap after GC invocations=762 (full 5):
 PSYoungGen      total 6656K, used 820K [0x00000000d5580000, 0x00000000d5d00000, 0x0000000100000000)
  eden space 5120K, 0% used [0x00000000d5580000,0x00000000d5580000,0x00000000d5a80000)
  from space 1536K, 53% used [0x00000000d5a80000,0x00000000d5b4d200,0x00000000d5c00000)
  to   space 1024K, 0% used [0x00000000d5c00000,0x00000000d5c00000,0x00000000d5d00000)
 ParOldGen       total 852480K, used 332497K [0x0000000080000000, 0x00000000b4080000, 0x00000000d5580000)
  object space 852480K, 39% used [0x0000000080000000,0x00000000944b45f8,0x00000000b4080000)
 Metaspace       used 89395K, committed 91136K, reserved 1179648K
  class space    used 9108K, committed 9920K, reserved 1048576K
}
Event: 3127.307 GC heap before
{Heap before GC invocations=763 (full 5):
 PSYoungGen      total 6656K, used 5940K [0x00000000d5580000, 0x00000000d5d00000, 0x0000000100000000)
  eden space 5120K, 100% used [0x00000000d5580000,0x00000000d5a80000,0x00000000d5a80000)
  from space 1536K, 53% used [0x00000000d5a80000,0x00000000d5b4d200,0x00000000d5c00000)
  to   space 1024K, 0% used [0x00000000d5c00000,0x00000000d5c00000,0x00000000d5d00000)
 ParOldGen       total 852480K, used 332497K [0x0000000080000000, 0x00000000b4080000, 0x00000000d5580000)
  object space 852480K, 39% used [0x0000000080000000,0x00000000944b45f8,0x00000000b4080000)
 Metaspace       used 89395K, committed 91136K, reserved 1179648K
  class space    used 9108K, committed 9920K, reserved 1048576K
}
Event: 3127.310 GC heap after
{Heap after GC invocations=763 (full 5):
 PSYoungGen      total 6144K, used 746K [0x00000000d5580000, 0x00000000d5d00000, 0x0000000100000000)
  eden space 5120K, 0% used [0x00000000d5580000,0x00000000d5580000,0x00000000d5a80000)
  from space 1024K, 72% used [0x00000000d5c00000,0x00000000d5cbaa50,0x00000000d5d00000)
  to   space 1024K, 0% used [0x00000000d5b00000,0x00000000d5b00000,0x00000000d5c00000)
 ParOldGen       total 852480K, used 333161K [0x0000000080000000, 0x00000000b4080000, 0x00000000d5580000)
  object space 852480K, 39% used [0x0000000080000000,0x000000009455a7b8,0x00000000b4080000)
 Metaspace       used 89395K, committed 91136K, reserved 1179648K
  class space    used 9108K, committed 9920K, reserved 1048576K
}
Event: 3127.328 GC heap before
{Heap before GC invocations=764 (full 5):
 PSYoungGen      total 6144K, used 5866K [0x00000000d5580000, 0x00000000d5d00000, 0x0000000100000000)
  eden space 5120K, 100% used [0x00000000d5580000,0x00000000d5a80000,0x00000000d5a80000)
  from space 1024K, 72% used [0x00000000d5c00000,0x00000000d5cbaa50,0x00000000d5d00000)
  to   space 1024K, 0% used [0x00000000d5b00000,0x00000000d5b00000,0x00000000d5c00000)
 ParOldGen       total 852480K, used 333161K [0x0000000080000000, 0x00000000b4080000, 0x00000000d5580000)
  object space 852480K, 39% used [0x0000000080000000,0x000000009455a7b8,0x00000000b4080000)
 Metaspace       used 89395K, committed 91136K, reserved 1179648K
  class space    used 9108K, committed 9920K, reserved 1048576K
}
Event: 3127.331 GC heap after
{Heap after GC invocations=764 (full 5):
 PSYoungGen      total 6144K, used 1008K [0x00000000d5580000, 0x00000000d5e80000, 0x0000000100000000)
  eden space 5120K, 0% used [0x00000000d5580000,0x00000000d5580000,0x00000000d5a80000)
  from space 1024K, 98% used [0x00000000d5b00000,0x00000000d5bfc010,0x00000000d5c00000)
  to   space 2048K, 0% used [0x00000000d5c80000,0x00000000d5c80000,0x00000000d5e80000)
 ParOldGen       total 852480K, used 333768K [0x0000000080000000, 0x00000000b4080000, 0x00000000d5580000)
  object space 852480K, 39% used [0x0000000080000000,0x00000000945f2248,0x00000000b4080000)
 Metaspace       used 89395K, committed 91136K, reserved 1179648K
  class space    used 9108K, committed 9920K, reserved 1048576K
}
Event: 3127.349 GC heap before
{Heap before GC invocations=765 (full 5):
 PSYoungGen      total 6144K, used 6128K [0x00000000d5580000, 0x00000000d5e80000, 0x0000000100000000)
  eden space 5120K, 100% used [0x00000000d5580000,0x00000000d5a80000,0x00000000d5a80000)
  from space 1024K, 98% used [0x00000000d5b00000,0x00000000d5bfc010,0x00000000d5c00000)
  to   space 2048K, 0% used [0x00000000d5c80000,0x00000000d5c80000,0x00000000d5e80000)
 ParOldGen       total 852480K, used 333768K [0x0000000080000000, 0x00000000b4080000, 0x00000000d5580000)
  object space 852480K, 39% used [0x0000000080000000,0x00000000945f2248,0x00000000b4080000)
 Metaspace       used 89395K, committed 91136K, reserved 1179648K
  class space    used 9108K, committed 9920K, reserved 1048576K
}
Event: 3127.353 GC heap after
{Heap after GC invocations=765 (full 5):
 PSYoungGen      total 6144K, used 640K [0x00000000d5580000, 0x00000000d5d80000, 0x0000000100000000)
  eden space 5120K, 0% used [0x00000000d5580000,0x00000000d5580000,0x00000000d5a80000)
  from space 1024K, 62% used [0x00000000d5c80000,0x00000000d5d20000,0x00000000d5d80000)
  to   space 1024K, 0% used [0x00000000d5b00000,0x00000000d5b00000,0x00000000d5c00000)
 ParOldGen       total 852480K, used 334660K [0x0000000080000000, 0x00000000b4080000, 0x00000000d5580000)
  object space 852480K, 39% used [0x0000000080000000,0x00000000946d1298,0x00000000b4080000)
 Metaspace       used 89395K, committed 91136K, reserved 1179648K
  class space    used 9108K, committed 9920K, reserved 1048576K
}
Event: 3127.367 GC heap before
{Heap before GC invocations=766 (full 5):
 PSYoungGen      total 6144K, used 5760K [0x00000000d5580000, 0x00000000d5d80000, 0x0000000100000000)
  eden space 5120K, 100% used [0x00000000d5580000,0x00000000d5a80000,0x00000000d5a80000)
  from space 1024K, 62% used [0x00000000d5c80000,0x00000000d5d20000,0x00000000d5d80000)
  to   space 1024K, 0% used [0x00000000d5b00000,0x00000000d5b00000,0x00000000d5c00000)
 ParOldGen       total 852480K, used 334660K [0x0000000080000000, 0x00000000b4080000, 0x00000000d5580000)
  object space 852480K, 39% used [0x0000000080000000,0x00000000946d1298,0x00000000b4080000)
 Metaspace       used 89395K, committed 91136K, reserved 1179648K
  class space    used 9108K, committed 9920K, reserved 1048576K
}
Event: 3127.372 GC heap after
{Heap after GC invocations=766 (full 5):
 PSYoungGen      total 6144K, used 800K [0x00000000d5580000, 0x00000000d5d00000, 0x0000000100000000)
  eden space 5120K, 0% used [0x00000000d5580000,0x00000000d5580000,0x00000000d5a80000)
  from space 1024K, 78% used [0x00000000d5b00000,0x00000000d5bc8000,0x00000000d5c00000)
  to   space 1024K, 0% used [0x00000000d5c00000,0x00000000d5c00000,0x00000000d5d00000)
 ParOldGen       total 852480K, used 335184K [0x0000000080000000, 0x00000000b4080000, 0x00000000d5580000)
  object space 852480K, 39% used [0x0000000080000000,0x00000000947542c8,0x00000000b4080000)
 Metaspace       used 89395K, committed 91136K, reserved 1179648K
  class space    used 9108K, committed 9920K, reserved 1048576K
}
Event: 3127.465 GC heap before
{Heap before GC invocations=767 (full 5):
 PSYoungGen      total 6144K, used 5920K [0x00000000d5580000, 0x00000000d5d00000, 0x0000000100000000)
  eden space 5120K, 100% used [0x00000000d5580000,0x00000000d5a80000,0x00000000d5a80000)
  from space 1024K, 78% used [0x00000000d5b00000,0x00000000d5bc8000,0x00000000d5c00000)
  to   space 1024K, 0% used [0x00000000d5c00000,0x00000000d5c00000,0x00000000d5d00000)
 ParOldGen       total 852480K, used 335184K [0x0000000080000000, 0x00000000b4080000, 0x00000000d5580000)
  object space 852480K, 39% used [0x0000000080000000,0x00000000947542c8,0x00000000b4080000)
 Metaspace       used 89396K, committed 91136K, reserved 1179648K
  class space    used 9108K, committed 9920K, reserved 1048576K
}
Event: 3127.468 GC heap after
{Heap after GC invocations=767 (full 5):
 PSYoungGen      total 6144K, used 1024K [0x00000000d5580000, 0x00000000d5d80000, 0x0000000100000000)
  eden space 5120K, 0% used [0x00000000d5580000,0x00000000d5580000,0x00000000d5a80000)
  from space 1024K, 100% used [0x00000000d5c00000,0x00000000d5d00000,0x00000000d5d00000)
  to   space 1536K, 0% used [0x00000000d5a80000,0x00000000d5a80000,0x00000000d5c00000)
 ParOldGen       total 852480K, used 335776K [0x0000000080000000, 0x00000000b4080000, 0x00000000d5580000)
  object space 852480K, 39% used [0x0000000080000000,0x00000000947e8348,0x00000000b4080000)
 Metaspace       used 89396K, committed 91136K, reserved 1179648K
  class space    used 9108K, committed 9920K, reserved 1048576K
}
Event: 3127.578 GC heap before
{Heap before GC invocations=768 (full 5):
 PSYoungGen      total 6144K, used 6144K [0x00000000d5580000, 0x00000000d5d80000, 0x0000000100000000)
  eden space 5120K, 100% used [0x00000000d5580000,0x00000000d5a80000,0x00000000d5a80000)
  from space 1024K, 100% used [0x00000000d5c00000,0x00000000d5d00000,0x00000000d5d00000)
  to   space 1536K, 0% used [0x00000000d5a80000,0x00000000d5a80000,0x00000000d5c00000)
 ParOldGen       total 852480K, used 335776K [0x0000000080000000, 0x00000000b4080000, 0x00000000d5580000)
  object space 852480K, 39% used [0x0000000080000000,0x00000000947e8348,0x00000000b4080000)
 Metaspace       used 89505K, committed 91264K, reserved 1179648K
  class space    used 9112K, committed 9920K, reserved 1048576K
}
Event: 3127.582 GC heap after
{Heap after GC invocations=768 (full 5):
 PSYoungGen      total 6144K, used 737K [0x00000000d5580000, 0x00000000d5c80000, 0x0000000100000000)
  eden space 5120K, 0% used [0x00000000d5580000,0x00000000d5580000,0x00000000d5a80000)
  from space 1024K, 72% used [0x00000000d5a80000,0x00000000d5b38630,0x00000000d5b80000)
  to   space 1024K, 0% used [0x00000000d5b80000,0x00000000d5b80000,0x00000000d5c80000)
 ParOldGen       total 852480K, used 336708K [0x0000000080000000, 0x00000000b4080000, 0x00000000d5580000)
  object space 852480K, 39% used [0x0000000080000000,0x00000000948d1368,0x00000000b4080000)
 Metaspace       used 89505K, committed 91264K, reserved 1179648K
  class space    used 9112K, committed 9920K, reserved 1048576K
}
Event: 3127.663 GC heap before
{Heap before GC invocations=769 (full 5):
 PSYoungGen      total 6144K, used 5857K [0x00000000d5580000, 0x00000000d5c80000, 0x0000000100000000)
  eden space 5120K, 100% used [0x00000000d5580000,0x00000000d5a80000,0x00000000d5a80000)
  from space 1024K, 72% used [0x00000000d5a80000,0x00000000d5b38630,0x00000000d5b80000)
  to   space 1024K, 0% used [0x00000000d5b80000,0x00000000d5b80000,0x00000000d5c80000)
 ParOldGen       total 852480K, used 336708K [0x0000000080000000, 0x00000000b4080000, 0x00000000d5580000)
  object space 852480K, 39% used [0x0000000080000000,0x00000000948d1368,0x00000000b4080000)
 Metaspace       used 89521K, committed 91264K, reserved 1179648K
  class space    used 9114K, committed 9920K, reserved 1048576K
}
Event: 3127.666 GC heap after
{Heap after GC invocations=769 (full 5):
 PSYoungGen      total 6144K, used 826K [0x00000000d5580000, 0x00000000d5c80000, 0x0000000100000000)
  eden space 5120K, 0% used [0x00000000d5580000,0x00000000d5580000,0x00000000d5a80000)
  from space 1024K, 80% used [0x00000000d5b80000,0x00000000d5c4e990,0x00000000d5c80000)
  to   space 1024K, 0% used [0x00000000d5a80000,0x00000000d5a80000,0x00000000d5b80000)
 ParOldGen       total 852480K, used 337237K [0x0000000080000000, 0x00000000b4080000, 0x00000000d5580000)
  object space 852480K, 39% used [0x0000000080000000,0x00000000949555d8,0x00000000b4080000)
 Metaspace       used 89521K, committed 91264K, reserved 1179648K
  class space    used 9114K, committed 9920K, reserved 1048576K
}

