# JRE version: OpenJDK Runtime Environment Temurin-21.0.10+7 (21.0.10+7) (build 21.0.10+7-LTS)
# Java VM: OpenJDK 64-Bit Server VM Temurin-21.0.10+7 (21.0.10+7-LTS, mixed mode, sharing, tiered, compressed oops, compressed class ptrs, parallel gc, windows-amd64)
GC Precious Log:
 CardTable entry size: 512
 CPUs: 12 total, 12 available
 Memory: 7916M
 Large Page Support: Disabled
 NUMA Support: Disabled
 Compressed Oops: Enabled (32-bit)
 Alignments: Space 512K, Generation 512K, Heap 2M
 Heap Min Capacity: 100M
 Heap Initial Capacity: 100M
 Heap Max Capacity: 2G
 Pre-touch: Disabled
 Parallel Workers: 10
Heap:
 PSYoungGen      total 22016K, used 17520K [0x00000000d5580000, 0x00000000d6e00000, 0x0000000100000000)
  eden space 18944K, 78% used [0x00000000d5580000,0x00000000d6416d90,0x00000000d6800000)
  from space 3072K, 84% used [0x00000000d6800000,0x00000000d6a85300,0x00000000d6b00000)
  to   space 3072K, 0% used [0x00000000d6b00000,0x00000000d6b00000,0x00000000d6e00000)
 ParOldGen       total 68608K, used 48230K [0x0000000080000000, 0x0000000084300000, 0x00000000d5580000)
  object space 68608K, 70% used [0x0000000080000000,0x0000000082f19a40,0x0000000084300000)
 Metaspace       used 45176K, committed 46272K, reserved 1114112K
  class space    used 4417K, committed 4928K, reserved 1048576K
GC Heap History (20 events):
Event: 22.473 GC heap before
{Heap before GC invocations=24 (full 2):
 PSYoungGen      total 23552K, used 21504K [0x00000000d5580000, 0x00000000d6e00000, 0x0000000100000000)
  eden space 21504K, 100% used [0x00000000d5580000,0x00000000d6a80000,0x00000000d6a80000)
  from space 2048K, 0% used [0x00000000d6a80000,0x00000000d6a80000,0x00000000d6c80000)
  to   space 1024K, 0% used [0x00000000d6d00000,0x00000000d6d00000,0x00000000d6e00000)
 ParOldGen       total 68608K, used 39649K [0x0000000080000000, 0x0000000084300000, 0x00000000d5580000)
  object space 68608K, 57% used [0x0000000080000000,0x00000000826b85e8,0x0000000084300000)
 Metaspace       used 36459K, committed 37312K, reserved 1114112K
  class space    used 3713K, committed 4096K, reserved 1048576K
}
Event: 22.482 GC heap after
{Heap after GC invocations=24 (full 2):
 PSYoungGen      total 22528K, used 576K [0x00000000d5580000, 0x00000000d6e00000, 0x0000000100000000)
  eden space 21504K, 0% used [0x00000000d5580000,0x00000000d5580000,0x00000000d6a80000)
  from space 1024K, 56% used [0x00000000d6d00000,0x00000000d6d90000,0x00000000d6e00000)
  to   space 1024K, 0% used [0x00000000d6c00000,0x00000000d6c00000,0x00000000d6d00000)
 ParOldGen       total 68608K, used 39657K [0x0000000080000000, 0x0000000084300000, 0x00000000d5580000)
  object space 68608K, 57% used [0x0000000080000000,0x00000000826ba5e8,0x0000000084300000)
 Metaspace       used 36459K, committed 37312K, reserved 1114112K
  class space    used 3713K, committed 4096K, reserved 1048576K
}
Event: 24.173 GC heap before
{Heap before GC invocations=25 (full 2):
 PSYoungGen      total 22528K, used 22036K [0x00000000d5580000, 0x00000000d6e00000, 0x0000000100000000)
  eden space 21504K, 99% used [0x00000000d5580000,0x00000000d6a75178,0x00000000d6a80000)
  from space 1024K, 56% used [0x00000000d6d00000,0x00000000d6d90000,0x00000000d6e00000)
  to   space 1024K, 0% used [0x00000000d6c00000,0x00000000d6c00000,0x00000000d6d00000)
 ParOldGen       total 68608K, used 39657K [0x0000000080000000, 0x0000000084300000, 0x00000000d5580000)
  object space 68608K, 57% used [0x0000000080000000,0x00000000826ba5e8,0x0000000084300000)
 Metaspace       used 38219K, committed 39168K, reserved 1114112K
  class space    used 3885K, committed 4288K, reserved 1048576K
}
Event: 24.176 GC heap after
{Heap after GC invocations=25 (full 2):
 PSYoungGen      total 22528K, used 999K [0x00000000d5580000, 0x00000000d6e80000, 0x0000000100000000)
  eden space 21504K, 0% used [0x00000000d5580000,0x00000000d5580000,0x00000000d6a80000)
  from space 1024K, 97% used [0x00000000d6c00000,0x00000000d6cf9ec0,0x00000000d6d00000)
  to   space 1536K, 0% used [0x00000000d6d00000,0x00000000d6d00000,0x00000000d6e80000)
 ParOldGen       total 68608K, used 40057K [0x0000000080000000, 0x0000000084300000, 0x00000000d5580000)
  object space 68608K, 58% used [0x0000000080000000,0x000000008271e5e8,0x0000000084300000)
 Metaspace       used 38219K, committed 39168K, reserved 1114112K
  class space    used 3885K, committed 4288K, reserved 1048576K
}
Event: 24.846 GC heap before
{Heap before GC invocations=26 (full 2):
 PSYoungGen      total 22528K, used 22502K [0x00000000d5580000, 0x00000000d6e80000, 0x0000000100000000)
  eden space 21504K, 99% used [0x00000000d5580000,0x00000000d6a7f960,0x00000000d6a80000)
  from space 1024K, 97% used [0x00000000d6c00000,0x00000000d6cf9ec0,0x00000000d6d00000)
  to   space 1536K, 0% used [0x00000000d6d00000,0x00000000d6d00000,0x00000000d6e80000)
 ParOldGen       total 68608K, used 40057K [0x0000000080000000, 0x0000000084300000, 0x00000000d5580000)
  object space 68608K, 58% used [0x0000000080000000,0x000000008271e5e8,0x0000000084300000)
 Metaspace       used 39097K, committed 40064K, reserved 1114112K
  class space    used 3941K, committed 4352K, reserved 1048576K
}
Event: 24.849 GC heap after
{Heap after GC invocations=26 (full 2):
 PSYoungGen      total 22528K, used 1520K [0x00000000d5580000, 0x00000000d7080000, 0x0000000100000000)
  eden space 20992K, 0% used [0x00000000d5580000,0x00000000d5580000,0x00000000d6a00000)
  from space 1536K, 98% used [0x00000000d6d00000,0x00000000d6e7c080,0x00000000d6e80000)
  to   space 3072K, 0% used [0x00000000d6a00000,0x00000000d6a00000,0x00000000d6d00000)
 ParOldGen       total 68608K, used 40936K [0x0000000080000000, 0x0000000084300000, 0x00000000d5580000)
  object space 68608K, 59% used [0x0000000080000000,0x00000000827fa1c8,0x0000000084300000)
 Metaspace       used 39097K, committed 40064K, reserved 1114112K
  class space    used 3941K, committed 4352K, reserved 1048576K
}
Event: 25.420 GC heap before
{Heap before GC invocations=27 (full 2):
 PSYoungGen      total 22528K, used 22512K [0x00000000d5580000, 0x00000000d7080000, 0x0000000100000000)
  eden space 20992K, 100% used [0x00000000d5580000,0x00000000d6a00000,0x00000000d6a00000)
  from space 1536K, 98% used [0x00000000d6d00000,0x00000000d6e7c080,0x00000000d6e80000)
  to   space 3072K, 0% used [0x00000000d6a00000,0x00000000d6a00000,0x00000000d6d00000)
 ParOldGen       total 68608K, used 40936K [0x0000000080000000, 0x0000000084300000, 0x00000000d5580000)
  object space 68608K, 59% used [0x0000000080000000,0x00000000827fa1c8,0x0000000084300000)
 Metaspace       used 39327K, committed 40320K, reserved 1114112K
  class space    used 3970K, committed 4416K, reserved 1048576K
}
Event: 25.423 GC heap after
{Heap after GC invocations=27 (full 2):
 PSYoungGen      total 22528K, used 1407K [0x00000000d5580000, 0x00000000d6e00000, 0x0000000100000000)
  eden space 20992K, 0% used [0x00000000d5580000,0x00000000d5580000,0x00000000d6a00000)
  from space 1536K, 91% used [0x00000000d6a00000,0x00000000d6b5fdb0,0x00000000d6b80000)
  to   space 2048K, 0% used [0x00000000d6c00000,0x00000000d6c00000,0x00000000d6e00000)
 ParOldGen       total 68608K, used 42034K [0x0000000080000000, 0x0000000084300000, 0x00000000d5580000)
  object space 68608K, 61% used [0x0000000080000000,0x000000008290cb60,0x0000000084300000)
 Metaspace       used 39327K, committed 40320K, reserved 1114112K
  class space    used 3970K, committed 4416K, reserved 1048576K
}
Event: 27.062 GC heap before
{Heap before GC invocations=28 (full 2):
 PSYoungGen      total 22528K, used 22399K [0x00000000d5580000, 0x00000000d6e00000, 0x0000000100000000)
  eden space 20992K, 100% used [0x00000000d5580000,0x00000000d6a00000,0x00000000d6a00000)
  from space 1536K, 91% used [0x00000000d6a00000,0x00000000d6b5fdb0,0x00000000d6b80000)
  to   space 2048K, 0% used [0x00000000d6c00000,0x00000000d6c00000,0x00000000d6e00000)
 ParOldGen       total 68608K, used 42034K [0x0000000080000000, 0x0000000084300000, 0x00000000d5580000)
  object space 68608K, 61% used [0x0000000080000000,0x000000008290cb60,0x0000000084300000)
 Metaspace       used 41707K, committed 42688K, reserved 1114112K
  class space    used 4201K, committed 4608K, reserved 1048576K
}
Event: 27.065 GC heap after
{Heap after GC invocations=28 (full 2):
 PSYoungGen      total 23040K, used 1737K [0x00000000d5580000, 0x00000000d6e00000, 0x0000000100000000)
  eden space 20992K, 0% used [0x00000000d5580000,0x00000000d5580000,0x00000000d6a00000)
  from space 2048K, 84% used [0x00000000d6c00000,0x00000000d6db2640,0x00000000d6e00000)
  to   space 2048K, 0% used [0x00000000d6a00000,0x00000000d6a00000,0x00000000d6c00000)
 ParOldGen       total 68608K, used 42330K [0x0000000080000000, 0x0000000084300000, 0x00000000d5580000)
  object space 68608K, 61% used [0x0000000080000000,0x0000000082956bc0,0x0000000084300000)
 Metaspace       used 41707K, committed 42688K, reserved 1114112K
  class space    used 4201K, committed 4608K, reserved 1048576K
}
Event: 28.999 GC heap before
{Heap before GC invocations=29 (full 2):
 PSYoungGen      total 23040K, used 22729K [0x00000000d5580000, 0x00000000d6e00000, 0x0000000100000000)
  eden space 20992K, 100% used [0x00000000d5580000,0x00000000d6a00000,0x00000000d6a00000)
  from space 2048K, 84% used [0x00000000d6c00000,0x00000000d6db2640,0x00000000d6e00000)
  to   space 2048K, 0% used [0x00000000d6a00000,0x00000000d6a00000,0x00000000d6c00000)
 ParOldGen       total 68608K, used 42330K [0x0000000080000000, 0x0000000084300000, 0x00000000d5580000)
  object space 68608K, 61% used [0x0000000080000000,0x0000000082956bc0,0x0000000084300000)
 Metaspace       used 43236K, committed 44288K, reserved 1114112K
  class space    used 4328K, committed 4800K, reserved 1048576K
}
Event: 29.004 GC heap after
{Heap after GC invocations=29 (full 2):
 PSYoungGen      total 22016K, used 928K [0x00000000d5580000, 0x00000000d6d00000, 0x0000000100000000)
  eden space 20992K, 0% used [0x00000000d5580000,0x00000000d5580000,0x00000000d6a00000)
  from space 1024K, 90% used [0x00000000d6a00000,0x00000000d6ae8000,0x00000000d6b00000)
  to   space 1536K, 0% used [0x00000000d6b80000,0x00000000d6b80000,0x00000000d6d00000)
 ParOldGen       total 68608K, used 43822K [0x0000000080000000, 0x0000000084300000, 0x00000000d5580000)
  object space 68608K, 63% used [0x0000000080000000,0x0000000082acb8c0,0x0000000084300000)
 Metaspace       used 43236K, committed 44288K, reserved 1114112K
  class space    used 4328K, committed 4800K, reserved 1048576K
}
Event: 30.918 GC heap before
{Heap before GC invocations=30 (full 2):
 PSYoungGen      total 22016K, used 21919K [0x00000000d5580000, 0x00000000d6d00000, 0x0000000100000000)
  eden space 20992K, 99% used [0x00000000d5580000,0x00000000d69fffe8,0x00000000d6a00000)
  from space 1024K, 90% used [0x00000000d6a00000,0x00000000d6ae8000,0x00000000d6b00000)
  to   space 1536K, 0% used [0x00000000d6b80000,0x00000000d6b80000,0x00000000d6d00000)
 ParOldGen       total 68608K, used 43822K [0x0000000080000000, 0x0000000084300000, 0x00000000d5580000)
  object space 68608K, 63% used [0x0000000080000000,0x0000000082acb8c0,0x0000000084300000)
 Metaspace       used 43689K, committed 44800K, reserved 1114112K
  class space    used 4359K, committed 4800K, reserved 1048576K
}
Event: 30.923 GC heap after
{Heap after GC invocations=30 (full 2):
 PSYoungGen      total 22528K, used 1376K [0x00000000d5580000, 0x00000000d6d00000, 0x0000000100000000)
  eden space 20992K, 0% used [0x00000000d5580000,0x00000000d5580000,0x00000000d6a00000)
  from space 1536K, 89% used [0x00000000d6b80000,0x00000000d6cd8040,0x00000000d6d00000)
  to   space 1536K, 0% used [0x00000000d6a00000,0x00000000d6a00000,0x00000000d6b80000)
 ParOldGen       total 68608K, used 44421K [0x0000000080000000, 0x0000000084300000, 0x00000000d5580000)
  object space 68608K, 64% used [0x0000000080000000,0x0000000082b61470,0x0000000084300000)
 Metaspace       used 43689K, committed 44800K, reserved 1114112K
  class space    used 4359K, committed 4800K, reserved 1048576K
}
Event: 35.105 GC heap before
{Heap before GC invocations=31 (full 2):
 PSYoungGen      total 22528K, used 22368K [0x00000000d5580000, 0x00000000d6d00000, 0x0000000100000000)
  eden space 20992K, 100% used [0x00000000d5580000,0x00000000d6a00000,0x00000000d6a00000)
  from space 1536K, 89% used [0x00000000d6b80000,0x00000000d6cd8040,0x00000000d6d00000)
  to   space 1536K, 0% used [0x00000000d6a00000,0x00000000d6a00000,0x00000000d6b80000)
 ParOldGen       total 68608K, used 44421K [0x0000000080000000, 0x0000000084300000, 0x00000000d5580000)
  object space 68608K, 64% used [0x0000000080000000,0x0000000082b61470,0x0000000084300000)
 Metaspace       used 44368K, committed 45440K, reserved 1114112K
  class space    used 4371K, committed 4800K, reserved 1048576K
}
Event: 35.109 GC heap after
{Heap after GC invocations=31 (full 2):
 PSYoungGen      total 22016K, used 688K [0x00000000d5580000, 0x00000000d6c00000, 0x0000000100000000)
  eden space 20992K, 0% used [0x00000000d5580000,0x00000000d5580000,0x00000000d6a00000)
  from space 1024K, 67% used [0x00000000d6a00000,0x00000000d6aac010,0x00000000d6b00000)
  to   space 1024K, 0% used [0x00000000d6b00000,0x00000000d6b00000,0x00000000d6c00000)
 ParOldGen       total 68608K, used 45625K [0x0000000080000000, 0x0000000084300000, 0x00000000d5580000)
  object space 68608K, 66% used [0x0000000080000000,0x0000000082c8e6a0,0x0000000084300000)
 Metaspace       used 44368K, committed 45440K, reserved 1114112K
  class space    used 4371K, committed 4800K, reserved 1048576K
}
Event: 37.101 GC heap before
{Heap before GC invocations=32 (full 2):
 PSYoungGen      total 22016K, used 21680K [0x00000000d5580000, 0x00000000d6c00000, 0x0000000100000000)
  eden space 20992K, 100% used [0x00000000d5580000,0x00000000d6a00000,0x00000000d6a00000)
  from space 1024K, 67% used [0x00000000d6a00000,0x00000000d6aac010,0x00000000d6b00000)
  to   space 1024K, 0% used [0x00000000d6b00000,0x00000000d6b00000,0x00000000d6c00000)
 ParOldGen       total 68608K, used 45625K [0x0000000080000000, 0x0000000084300000, 0x00000000d5580000)
  object space 68608K, 66% used [0x0000000080000000,0x0000000082c8e6a0,0x0000000084300000)
 Metaspace       used 44668K, committed 45696K, reserved 1114112K
  class space    used 4375K, committed 4800K, reserved 1048576K
}
Event: 37.105 GC heap after
{Heap after GC invocations=32 (full 2):
 PSYoungGen      total 19968K, used 1024K [0x00000000d5580000, 0x00000000d7000000, 0x0000000100000000)
  eden space 18944K, 0% used [0x00000000d5580000,0x00000000d5580000,0x00000000d6800000)
  from space 1024K, 100% used [0x00000000d6b00000,0x00000000d6c00000,0x00000000d6c00000)
  to   space 3072K, 0% used [0x00000000d6800000,0x00000000d6800000,0x00000000d6b00000)
 ParOldGen       total 68608K, used 47244K [0x0000000080000000, 0x0000000084300000, 0x00000000d5580000)
  object space 68608K, 68% used [0x0000000080000000,0x0000000082e23050,0x0000000084300000)
 Metaspace       used 44668K, committed 45696K, reserved 1114112K
  class space    used 4375K, committed 4800K, reserved 1048576K
}
Event: 39.094 GC heap before
{Heap before GC invocations=33 (full 2):
 PSYoungGen      total 19968K, used 19968K [0x00000000d5580000, 0x00000000d7000000, 0x0000000100000000)
  eden space 18944K, 100% used [0x00000000d5580000,0x00000000d6800000,0x00000000d6800000)
  from space 1024K, 100% used [0x00000000d6b00000,0x00000000d6c00000,0x00000000d6c00000)
  to   space 3072K, 0% used [0x00000000d6800000,0x00000000d6800000,0x00000000d6b00000)
 ParOldGen       total 68608K, used 47244K [0x0000000080000000, 0x0000000084300000, 0x00000000d5580000)
  object space 68608K, 68% used [0x0000000080000000,0x0000000082e23050,0x0000000084300000)
 Metaspace       used 45149K, committed 46272K, reserved 1114112K
  class space    used 4417K, committed 4928K, reserved 1048576K
}
Event: 39.100 GC heap after
{Heap after GC invocations=33 (full 2):
 PSYoungGen      total 22016K, used 2580K [0x00000000d5580000, 0x00000000d6e00000, 0x0000000100000000)
  eden space 18944K, 0% used [0x00000000d5580000,0x00000000d5580000,0x00000000d6800000)
  from space 3072K, 84% used [0x00000000d6800000,0x00000000d6a85300,0x00000000d6b00000)
  to   space 3072K, 0% used [0x00000000d6b00000,0x00000000d6b00000,0x00000000d6e00000)
 ParOldGen       total 68608K, used 48230K [0x0000000080000000, 0x0000000084300000, 0x00000000d5580000)
  object space 68608K, 70% used [0x0000000080000000,0x0000000082f19a40,0x0000000084300000)
 Metaspace       used 45149K, committed 46272K, reserved 1114112K
  class space    used 4417K, committed 4928K, reserved 1048576K
}

