# JRE version: OpenJDK Runtime Environment Temurin-21.0.10+7 (21.0.10+7) (build 21.0.10+7-LTS)
# Java VM: OpenJDK 64-Bit Server VM Temurin-21.0.10+7 (21.0.10+7-LTS, mixed mode, sharing, tiered, compressed oops, compressed class ptrs, parallel gc, windows-amd64)
GC Precious Log:
 CardTable entry size: 512
 CPUs: 12 total, 12 available
 Memory: 7916M
 Large Page Support: Disabled
 NUMA Support: Disabled
 Compressed Oops: Enabled (32-bit)
 Alignments: Space 512K, Generation 512K, Heap 2M
 Heap Min Capacity: 100M
 Heap Initial Capacity: 100M
 Heap Max Capacity: 2G
 Pre-touch: Disabled
 Parallel Workers: 10
Heap:
 PSYoungGen      total 23040K, used 9072K [0x00000000d5580000, 0x00000000d7580000, 0x0000000100000000)
  eden space 21504K, 35% used [0x00000000d5580000,0x00000000d5cf4200,0x00000000d6a80000)
  from space 1536K, 93% used [0x00000000d7400000,0x00000000d7568000,0x00000000d7580000)
  to   space 4096K, 0% used [0x00000000d6d80000,0x00000000d6d80000,0x00000000d7180000)
 ParOldGen       total 68608K, used 45186K [0x0000000080000000, 0x0000000084300000, 0x00000000d5580000)
  object space 68608K, 65% used [0x0000000080000000,0x0000000082c20960,0x0000000084300000)
 Metaspace       used 47439K, committed 48640K, reserved 1114112K
  class space    used 5167K, committed 5696K, reserved 1048576K
GC Heap History (20 events):
Event: 16.555 GC heap before
{Heap before GC invocations=19 (full 2):
 PSYoungGen      total 23040K, used 23024K [0x00000000d5580000, 0x00000000d7300000, 0x0000000100000000)
  eden space 21504K, 100% used [0x00000000d5580000,0x00000000d6a80000,0x00000000d6a80000)
  from space 1536K, 98% used [0x00000000d6e80000,0x00000000d6ffc030,0x00000000d7000000)
  to   space 4096K, 0% used [0x00000000d6a80000,0x00000000d6a80000,0x00000000d6e80000)
 ParOldGen       total 68608K, used 22171K [0x0000000080000000, 0x0000000084300000, 0x00000000d5580000)
  object space 68608K, 32% used [0x0000000080000000,0x00000000815a6cb0,0x0000000084300000)
 Metaspace       used 39550K, committed 40704K, reserved 1114112K
  class space    used 4163K, committed 4672K, reserved 1048576K
}
Event: 16.561 GC heap after
{Heap after GC invocations=19 (full 2):
 PSYoungGen      total 23552K, used 1664K [0x00000000d5580000, 0x00000000d6f80000, 0x0000000100000000)
  eden space 21504K, 0% used [0x00000000d5580000,0x00000000d5580000,0x00000000d6a80000)
  from space 2048K, 81% used [0x00000000d6a80000,0x00000000d6c20010,0x00000000d6c80000)
  to   space 2560K, 0% used [0x00000000d6d00000,0x00000000d6d00000,0x00000000d6f80000)
 ParOldGen       total 68608K, used 23648K [0x0000000080000000, 0x0000000084300000, 0x00000000d5580000)
  object space 68608K, 34% used [0x0000000080000000,0x0000000081718038,0x0000000084300000)
 Metaspace       used 39550K, committed 40704K, reserved 1114112K
  class space    used 4163K, committed 4672K, reserved 1048576K
}
Event: 16.857 GC heap before
{Heap before GC invocations=20 (full 2):
 PSYoungGen      total 23552K, used 23168K [0x00000000d5580000, 0x00000000d6f80000, 0x0000000100000000)
  eden space 21504K, 100% used [0x00000000d5580000,0x00000000d6a80000,0x00000000d6a80000)
  from space 2048K, 81% used [0x00000000d6a80000,0x00000000d6c20010,0x00000000d6c80000)
  to   space 2560K, 0% used [0x00000000d6d00000,0x00000000d6d00000,0x00000000d6f80000)
 ParOldGen       total 68608K, used 23648K [0x0000000080000000, 0x0000000084300000, 0x00000000d5580000)
  object space 68608K, 34% used [0x0000000080000000,0x0000000081718038,0x0000000084300000)
 Metaspace       used 39989K, committed 41152K, reserved 1114112K
  class space    used 4231K, committed 4736K, reserved 1048576K
}
Event: 16.863 GC heap after
{Heap after GC invocations=20 (full 2):
 PSYoungGen      total 24064K, used 2242K [0x00000000d5580000, 0x00000000d6f80000, 0x0000000100000000)
  eden space 21504K, 0% used [0x00000000d5580000,0x00000000d5580000,0x00000000d6a80000)
  from space 2560K, 87% used [0x00000000d6d00000,0x00000000d6f30800,0x00000000d6f80000)
  to   space 2560K, 0% used [0x00000000d6a80000,0x00000000d6a80000,0x00000000d6d00000)
 ParOldGen       total 68608K, used 25196K [0x0000000080000000, 0x0000000084300000, 0x00000000d5580000)
  object space 68608K, 36% used [0x0000000080000000,0x000000008189b3a0,0x0000000084300000)
 Metaspace       used 39989K, committed 41152K, reserved 1114112K
  class space    used 4231K, committed 4736K, reserved 1048576K
}
Event: 17.238 GC heap before
{Heap before GC invocations=21 (full 2):
 PSYoungGen      total 24064K, used 23746K [0x00000000d5580000, 0x00000000d6f80000, 0x0000000100000000)
  eden space 21504K, 100% used [0x00000000d5580000,0x00000000d6a80000,0x00000000d6a80000)
  from space 2560K, 87% used [0x00000000d6d00000,0x00000000d6f30800,0x00000000d6f80000)
  to   space 2560K, 0% used [0x00000000d6a80000,0x00000000d6a80000,0x00000000d6d00000)
 ParOldGen       total 68608K, used 25196K [0x0000000080000000, 0x0000000084300000, 0x00000000d5580000)
  object space 68608K, 36% used [0x0000000080000000,0x000000008189b3a0,0x0000000084300000)
 Metaspace       used 41256K, committed 42368K, reserved 1114112K
  class space    used 4408K, committed 4928K, reserved 1048576K
}
Event: 17.244 GC heap after
{Heap after GC invocations=21 (full 2):
 PSYoungGen      total 24064K, used 2000K [0x00000000d5580000, 0x00000000d6f80000, 0x0000000100000000)
  eden space 21504K, 0% used [0x00000000d5580000,0x00000000d5580000,0x00000000d6a80000)
  from space 2560K, 78% used [0x00000000d6a80000,0x00000000d6c74168,0x00000000d6d00000)
  to   space 2560K, 0% used [0x00000000d6d00000,0x00000000d6d00000,0x00000000d6f80000)
 ParOldGen       total 68608K, used 27262K [0x0000000080000000, 0x0000000084300000, 0x00000000d5580000)
  object space 68608K, 39% used [0x0000000080000000,0x0000000081a9fba0,0x0000000084300000)
 Metaspace       used 41256K, committed 42368K, reserved 1114112K
  class space    used 4408K, committed 4928K, reserved 1048576K
}
Event: 17.471 GC heap before
{Heap before GC invocations=22 (full 2):
 PSYoungGen      total 24064K, used 23504K [0x00000000d5580000, 0x00000000d6f80000, 0x0000000100000000)
  eden space 21504K, 100% used [0x00000000d5580000,0x00000000d6a80000,0x00000000d6a80000)
  from space 2560K, 78% used [0x00000000d6a80000,0x00000000d6c74168,0x00000000d6d00000)
  to   space 2560K, 0% used [0x00000000d6d00000,0x00000000d6d00000,0x00000000d6f80000)
 ParOldGen       total 68608K, used 27262K [0x0000000080000000, 0x0000000084300000, 0x00000000d5580000)
  object space 68608K, 39% used [0x0000000080000000,0x0000000081a9fba0,0x0000000084300000)
 Metaspace       used 41570K, committed 42752K, reserved 1114112K
  class space    used 4441K, committed 4992K, reserved 1048576K
}
Event: 17.477 GC heap after
{Heap after GC invocations=22 (full 2):
 PSYoungGen      total 24064K, used 2149K [0x00000000d5580000, 0x00000000d6f80000, 0x0000000100000000)
  eden space 21504K, 0% used [0x00000000d5580000,0x00000000d5580000,0x00000000d6a80000)
  from space 2560K, 83% used [0x00000000d6d00000,0x00000000d6f19740,0x00000000d6f80000)
  to   space 2560K, 0% used [0x00000000d6a80000,0x00000000d6a80000,0x00000000d6d00000)
 ParOldGen       total 68608K, used 29043K [0x0000000080000000, 0x0000000084300000, 0x00000000d5580000)
  object space 68608K, 42% used [0x0000000080000000,0x0000000081c5ccd0,0x0000000084300000)
 Metaspace       used 41570K, committed 42752K, reserved 1114112K
  class space    used 4441K, committed 4992K, reserved 1048576K
}
Event: 17.673 GC heap before
{Heap before GC invocations=23 (full 2):
 PSYoungGen      total 24064K, used 23653K [0x00000000d5580000, 0x00000000d6f80000, 0x0000000100000000)
  eden space 21504K, 100% used [0x00000000d5580000,0x00000000d6a80000,0x00000000d6a80000)
  from space 2560K, 83% used [0x00000000d6d00000,0x00000000d6f19740,0x00000000d6f80000)
  to   space 2560K, 0% used [0x00000000d6a80000,0x00000000d6a80000,0x00000000d6d00000)
 ParOldGen       total 68608K, used 29043K [0x0000000080000000, 0x0000000084300000, 0x00000000d5580000)
  object space 68608K, 42% used [0x0000000080000000,0x0000000081c5ccd0,0x0000000084300000)
 Metaspace       used 41973K, committed 43200K, reserved 1114112K
  class space    used 4480K, committed 4992K, reserved 1048576K
}
Event: 17.681 GC heap after
{Heap after GC invocations=23 (full 2):
 PSYoungGen      total 24064K, used 2132K [0x00000000d5580000, 0x00000000d6f80000, 0x0000000100000000)
  eden space 21504K, 0% used [0x00000000d5580000,0x00000000d5580000,0x00000000d6a80000)
  from space 2560K, 83% used [0x00000000d6a80000,0x00000000d6c95010,0x00000000d6d00000)
  to   space 2560K, 0% used [0x00000000d6d00000,0x00000000d6d00000,0x00000000d6f80000)
 ParOldGen       total 68608K, used 30921K [0x0000000080000000, 0x0000000084300000, 0x00000000d5580000)
  object space 68608K, 45% used [0x0000000080000000,0x0000000081e32690,0x0000000084300000)
 Metaspace       used 41973K, committed 43200K, reserved 1114112K
  class space    used 4480K, committed 4992K, reserved 1048576K
}
Event: 17.982 GC heap before
{Heap before GC invocations=24 (full 2):
 PSYoungGen      total 24064K, used 23636K [0x00000000d5580000, 0x00000000d6f80000, 0x0000000100000000)
  eden space 21504K, 100% used [0x00000000d5580000,0x00000000d6a80000,0x00000000d6a80000)
  from space 2560K, 83% used [0x00000000d6a80000,0x00000000d6c95010,0x00000000d6d00000)
  to   space 2560K, 0% used [0x00000000d6d00000,0x00000000d6d00000,0x00000000d6f80000)
 ParOldGen       total 68608K, used 30921K [0x0000000080000000, 0x0000000084300000, 0x00000000d5580000)
  object space 68608K, 45% used [0x0000000080000000,0x0000000081e32690,0x0000000084300000)
 Metaspace       used 42474K, committed 43648K, reserved 1114112K
  class space    used 4541K, committed 5056K, reserved 1048576K
}
Event: 17.987 GC heap after
{Heap after GC invocations=24 (full 2):
 PSYoungGen      total 23552K, used 1888K [0x00000000d5580000, 0x00000000d6f00000, 0x0000000100000000)
  eden space 21504K, 0% used [0x00000000d5580000,0x00000000d5580000,0x00000000d6a80000)
  from space 2048K, 92% used [0x00000000d6d00000,0x00000000d6ed8000,0x00000000d6f00000)
  to   space 2048K, 0% used [0x00000000d6b00000,0x00000000d6b00000,0x00000000d6d00000)
 ParOldGen       total 68608K, used 32921K [0x0000000080000000, 0x0000000084300000, 0x00000000d5580000)
  object space 68608K, 47% used [0x0000000080000000,0x00000000820267a0,0x0000000084300000)
 Metaspace       used 42474K, committed 43648K, reserved 1114112K
  class space    used 4541K, committed 5056K, reserved 1048576K
}
Event: 18.219 GC heap before
{Heap before GC invocations=25 (full 2):
 PSYoungGen      total 23552K, used 23392K [0x00000000d5580000, 0x00000000d6f00000, 0x0000000100000000)
  eden space 21504K, 100% used [0x00000000d5580000,0x00000000d6a80000,0x00000000d6a80000)
  from space 2048K, 92% used [0x00000000d6d00000,0x00000000d6ed8000,0x00000000d6f00000)
  to   space 2048K, 0% used [0x00000000d6b00000,0x00000000d6b00000,0x00000000d6d00000)
 ParOldGen       total 68608K, used 32921K [0x0000000080000000, 0x0000000084300000, 0x00000000d5580000)
  object space 68608K, 47% used [0x0000000080000000,0x00000000820267a0,0x0000000084300000)
 Metaspace       used 42853K, committed 44032K, reserved 1114112K
  class space    used 4594K, committed 5120K, reserved 1048576K
}
Event: 19.228 GC heap after
{Heap after GC invocations=25 (full 2):
 PSYoungGen      total 23552K, used 2016K [0x00000000d5580000, 0x00000000d7380000, 0x0000000100000000)
  eden space 21504K, 0% used [0x00000000d5580000,0x00000000d5580000,0x00000000d6a80000)
  from space 2048K, 98% used [0x00000000d6b00000,0x00000000d6cf8010,0x00000000d6d00000)
  to   space 4608K, 0% used [0x00000000d6f00000,0x00000000d6f00000,0x00000000d7380000)
 ParOldGen       total 68608K, used 34833K [0x0000000080000000, 0x0000000084300000, 0x00000000d5580000)
  object space 68608K, 50% used [0x0000000080000000,0x00000000822047a0,0x0000000084300000)
 Metaspace       used 42853K, committed 44032K, reserved 1114112K
  class space    used 4594K, committed 5120K, reserved 1048576K
}
Event: 19.392 GC heap before
{Heap before GC invocations=26 (full 2):
 PSYoungGen      total 23552K, used 23520K [0x00000000d5580000, 0x00000000d7380000, 0x0000000100000000)
  eden space 21504K, 100% used [0x00000000d5580000,0x00000000d6a80000,0x00000000d6a80000)
  from space 2048K, 98% used [0x00000000d6b00000,0x00000000d6cf8010,0x00000000d6d00000)
  to   space 4608K, 0% used [0x00000000d6f00000,0x00000000d6f00000,0x00000000d7380000)
 ParOldGen       total 68608K, used 34833K [0x0000000080000000, 0x0000000084300000, 0x00000000d5580000)
  object space 68608K, 50% used [0x0000000080000000,0x00000000822047a0,0x0000000084300000)
 Metaspace       used 43152K, committed 44288K, reserved 1114112K
  class space    used 4627K, committed 5120K, reserved 1048576K
}
Event: 19.399 GC heap after
{Heap after GC invocations=26 (full 2):
 PSYoungGen      total 23552K, used 2040K [0x00000000d5580000, 0x00000000d7100000, 0x0000000100000000)
  eden space 21504K, 0% used [0x00000000d5580000,0x00000000d5580000,0x00000000d6a80000)
  from space 2048K, 99% used [0x00000000d6f00000,0x00000000d70fe200,0x00000000d7100000)
  to   space 3072K, 0% used [0x00000000d6b00000,0x00000000d6b00000,0x00000000d6e00000)
 ParOldGen       total 68608K, used 36889K [0x0000000080000000, 0x0000000084300000, 0x00000000d5580000)
  object space 68608K, 53% used [0x0000000080000000,0x00000000824067b0,0x0000000084300000)
 Metaspace       used 43152K, committed 44288K, reserved 1114112K
  class space    used 4627K, committed 5120K, reserved 1048576K
}
Event: 19.719 GC heap before
{Heap before GC invocations=27 (full 2):
 PSYoungGen      total 23552K, used 23544K [0x00000000d5580000, 0x00000000d7100000, 0x0000000100000000)
  eden space 21504K, 100% used [0x00000000d5580000,0x00000000d6a80000,0x00000000d6a80000)
  from space 2048K, 99% used [0x00000000d6f00000,0x00000000d70fe200,0x00000000d7100000)
  to   space 3072K, 0% used [0x00000000d6b00000,0x00000000d6b00000,0x00000000d6e00000)
 ParOldGen       total 68608K, used 36889K [0x0000000080000000, 0x0000000084300000, 0x00000000d5580000)
  object space 68608K, 53% used [0x0000000080000000,0x00000000824067b0,0x0000000084300000)
 Metaspace       used 44416K, committed 45696K, reserved 1114112K
  class space    used 4765K, committed 5312K, reserved 1048576K
}
Event: 19.728 GC heap after
{Heap after GC invocations=27 (full 2):
 PSYoungGen      total 24576K, used 3051K [0x00000000d5580000, 0x00000000d7d80000, 0x0000000100000000)
  eden space 21504K, 0% used [0x00000000d5580000,0x00000000d5580000,0x00000000d6a80000)
  from space 3072K, 99% used [0x00000000d6b00000,0x00000000d6dfaf38,0x00000000d6e00000)
  to   space 9728K, 0% used [0x00000000d7400000,0x00000000d7400000,0x00000000d7d80000)
 ParOldGen       total 68608K, used 42105K [0x0000000080000000, 0x0000000084300000, 0x00000000d5580000)
  object space 68608K, 61% used [0x0000000080000000,0x000000008291e6c0,0x0000000084300000)
 Metaspace       used 44416K, committed 45696K, reserved 1114112K
  class space    used 4765K, committed 5312K, reserved 1048576K
}
Event: 20.689 GC heap before
{Heap before GC invocations=28 (full 2):
 PSYoungGen      total 24576K, used 24533K [0x00000000d5580000, 0x00000000d7d80000, 0x0000000100000000)
  eden space 21504K, 99% used [0x00000000d5580000,0x00000000d6a7a540,0x00000000d6a80000)
  from space 3072K, 99% used [0x00000000d6b00000,0x00000000d6dfaf38,0x00000000d6e00000)
  to   space 9728K, 0% used [0x00000000d7400000,0x00000000d7400000,0x00000000d7d80000)
 ParOldGen       total 68608K, used 42105K [0x0000000080000000, 0x0000000084300000, 0x00000000d5580000)
  object space 68608K, 61% used [0x0000000080000000,0x000000008291e6c0,0x0000000084300000)
 Metaspace       used 46514K, committed 47744K, reserved 1114112K
  class space    used 5029K, committed 5568K, reserved 1048576K
}
Event: 20.696 GC heap after
{Heap after GC invocations=28 (full 2):
 PSYoungGen      total 23040K, used 1440K [0x00000000d5580000, 0x00000000d7580000, 0x0000000100000000)
  eden space 21504K, 0% used [0x00000000d5580000,0x00000000d5580000,0x00000000d6a80000)
  from space 1536K, 93% used [0x00000000d7400000,0x00000000d7568000,0x00000000d7580000)
  to   space 4096K, 0% used [0x00000000d6d80000,0x00000000d6d80000,0x00000000d7180000)
 ParOldGen       total 68608K, used 45186K [0x0000000080000000, 0x0000000084300000, 0x00000000d5580000)
  object space 68608K, 65% used [0x0000000080000000,0x0000000082c20960,0x0000000084300000)
 Metaspace       used 46514K, committed 47744K, reserved 1114112K
  class space    used 5029K, committed 5568K, reserved 1048576K
}

