# JRE version: OpenJDK Runtime Environment Temurin-21.0.10+7 (21.0.10+7) (build 21.0.10+7-LTS)
# Java VM: OpenJDK 64-Bit Server VM Temurin-21.0.10+7 (21.0.10+7-LTS, mixed mode, sharing, tiered, compressed oops, compressed class ptrs, parallel gc, windows-amd64)
GC Precious Log:
 CardTable entry size: 512
 CPUs: 12 total, 12 available
 Memory: 7916M
 Large Page Support: Disabled
 NUMA Support: Disabled
 Compressed Oops: Enabled (32-bit)
 Alignments: Space 512K, Generation 512K, Heap 2M
 Heap Min Capacity: 100M
 Heap Initial Capacity: 100M
 Heap Max Capacity: 2G
 Pre-touch: Disabled
 Parallel Workers: 10
Heap:
 PSYoungGen      total 23552K, used 22228K [0x00000000d5580000, 0x00000000d7500000, 0x0000000100000000)
  eden space 22016K, 93% used [0x00000000d5580000,0x00000000d69b5860,0x00000000d6b00000)
  from space 1536K, 99% used [0x00000000d7380000,0x00000000d74ff838,0x00000000d7500000)
  to   space 3072K, 0% used [0x00000000d6f00000,0x00000000d6f00000,0x00000000d7200000)
 ParOldGen       total 68608K, used 25783K [0x0000000080000000, 0x0000000084300000, 0x00000000d5580000)
  object space 68608K, 37% used [0x0000000080000000,0x000000008192df78,0x0000000084300000)
 Metaspace       used 32137K, committed 33152K, reserved 1114112K
  class space    used 3231K, committed 3648K, reserved 1048576K
GC Heap History (20 events):
Event: 5.516 GC heap before
{Heap before GC invocations=4 (full 0):
 PSYoungGen      total 29696K, used 29692K [0x00000000d5580000, 0x00000000d7680000, 0x0000000100000000)
  eden space 25600K, 100% used [0x00000000d5580000,0x00000000d6e80000,0x00000000d6e80000)
  from space 4096K, 99% used [0x00000000d6e80000,0x00000000d727f0a8,0x00000000d7280000)
  to   space 4096K, 0% used [0x00000000d7280000,0x00000000d7280000,0x00000000d7680000)
 ParOldGen       total 68608K, used 2834K [0x0000000080000000, 0x0000000084300000, 0x00000000d5580000)
  object space 68608K, 4% used [0x0000000080000000,0x00000000802c4a90,0x0000000084300000)
 Metaspace       used 14198K, committed 14720K, reserved 1114112K
  class space    used 1498K, committed 1728K, reserved 1048576K
}
Event: 5.537 GC heap after
{Heap after GC invocations=4 (full 0):
 PSYoungGen      total 29696K, used 4092K [0x00000000d5580000, 0x00000000d7680000, 0x0000000100000000)
  eden space 25600K, 0% used [0x00000000d5580000,0x00000000d5580000,0x00000000d6e80000)
  from space 4096K, 99% used [0x00000000d7280000,0x00000000d767f098,0x00000000d7680000)
  to   space 4096K, 0% used [0x00000000d6e80000,0x00000000d6e80000,0x00000000d7280000)
 ParOldGen       total 68608K, used 13442K [0x0000000080000000, 0x0000000084300000, 0x00000000d5580000)
  object space 68608K, 19% used [0x0000000080000000,0x0000000080d20aa8,0x0000000084300000)
 Metaspace       used 14198K, committed 14720K, reserved 1114112K
  class space    used 1498K, committed 1728K, reserved 1048576K
}
Event: 9.904 GC heap before
{Heap before GC invocations=5 (full 0):
 PSYoungGen      total 29696K, used 29692K [0x00000000d5580000, 0x00000000d7680000, 0x0000000100000000)
  eden space 25600K, 100% used [0x00000000d5580000,0x00000000d6e80000,0x00000000d6e80000)
  from space 4096K, 99% used [0x00000000d7280000,0x00000000d767f098,0x00000000d7680000)
  to   space 4096K, 0% used [0x00000000d6e80000,0x00000000d6e80000,0x00000000d7280000)
 ParOldGen       total 68608K, used 13442K [0x0000000080000000, 0x0000000084300000, 0x00000000d5580000)
  object space 68608K, 19% used [0x0000000080000000,0x0000000080d20aa8,0x0000000084300000)
 Metaspace       used 17563K, committed 18368K, reserved 1114112K
  class space    used 1825K, committed 2176K, reserved 1048576K
}
Event: 9.918 GC heap after
{Heap after GC invocations=5 (full 0):
 PSYoungGen      total 29184K, used 4079K [0x00000000d5580000, 0x00000000d8300000, 0x0000000100000000)
  eden space 25088K, 0% used [0x00000000d5580000,0x00000000d5580000,0x00000000d6e00000)
  from space 4096K, 99% used [0x00000000d6e80000,0x00000000d727bee0,0x00000000d7280000)
  to   space 10752K, 0% used [0x00000000d7880000,0x00000000d7880000,0x00000000d8300000)
 ParOldGen       total 68608K, used 17353K [0x0000000080000000, 0x0000000084300000, 0x00000000d5580000)
  object space 68608K, 25% used [0x0000000080000000,0x00000000810f2598,0x0000000084300000)
 Metaspace       used 17563K, committed 18368K, reserved 1114112K
  class space    used 1825K, committed 2176K, reserved 1048576K
}
Event: 10.783 GC heap before
{Heap before GC invocations=6 (full 0):
 PSYoungGen      total 29184K, used 27880K [0x00000000d5580000, 0x00000000d8300000, 0x0000000100000000)
  eden space 25088K, 94% used [0x00000000d5580000,0x00000000d6cbe260,0x00000000d6e00000)
  from space 4096K, 99% used [0x00000000d6e80000,0x00000000d727bee0,0x00000000d7280000)
  to   space 10752K, 0% used [0x00000000d7880000,0x00000000d7880000,0x00000000d8300000)
 ParOldGen       total 68608K, used 17353K [0x0000000080000000, 0x0000000084300000, 0x00000000d5580000)
  object space 68608K, 25% used [0x0000000080000000,0x00000000810f2598,0x0000000084300000)
 Metaspace       used 20810K, committed 21504K, reserved 1114112K
  class space    used 2057K, committed 2368K, reserved 1048576K
}
Event: 10.796 GC heap after
{Heap after GC invocations=6 (full 0):
 PSYoungGen      total 30208K, used 4669K [0x00000000d5580000, 0x00000000d7d80000, 0x0000000100000000)
  eden space 25088K, 0% used [0x00000000d5580000,0x00000000d5580000,0x00000000d6e00000)
  from space 5120K, 91% used [0x00000000d7880000,0x00000000d7d0f5b8,0x00000000d7d80000)
  to   space 6656K, 0% used [0x00000000d7080000,0x00000000d7080000,0x00000000d7700000)
 ParOldGen       total 68608K, used 17353K [0x0000000080000000, 0x0000000084300000, 0x00000000d5580000)
  object space 68608K, 25% used [0x0000000080000000,0x00000000810f2598,0x0000000084300000)
 Metaspace       used 20810K, committed 21504K, reserved 1114112K
  class space    used 2057K, committed 2368K, reserved 1048576K
}
Event: 10.796 GC heap before
{Heap before GC invocations=7 (full 1):
 PSYoungGen      total 30208K, used 4669K [0x00000000d5580000, 0x00000000d7d80000, 0x0000000100000000)
  eden space 25088K, 0% used [0x00000000d5580000,0x00000000d5580000,0x00000000d6e00000)
  from space 5120K, 91% used [0x00000000d7880000,0x00000000d7d0f5b8,0x00000000d7d80000)
  to   space 6656K, 0% used [0x00000000d7080000,0x00000000d7080000,0x00000000d7700000)
 ParOldGen       total 68608K, used 17353K [0x0000000080000000, 0x0000000084300000, 0x00000000d5580000)
  object space 68608K, 25% used [0x0000000080000000,0x00000000810f2598,0x0000000084300000)
 Metaspace       used 20810K, committed 21504K, reserved 1114112K
  class space    used 2057K, committed 2368K, reserved 1048576K
}
Event: 10.848 GC heap after
{Heap after GC invocations=7 (full 1):
 PSYoungGen      total 30208K, used 0K [0x00000000d5580000, 0x00000000d7d80000, 0x0000000100000000)
  eden space 25088K, 0% used [0x00000000d5580000,0x00000000d5580000,0x00000000d6e00000)
  from space 5120K, 0% used [0x00000000d7880000,0x00000000d7880000,0x00000000d7d80000)
  to   space 6656K, 0% used [0x00000000d7080000,0x00000000d7080000,0x00000000d7700000)
 ParOldGen       total 68608K, used 20414K [0x0000000080000000, 0x0000000084300000, 0x00000000d5580000)
  object space 68608K, 29% used [0x0000000080000000,0x00000000813efb00,0x0000000084300000)
 Metaspace       used 20797K, committed 21504K, reserved 1114112K
  class space    used 2054K, committed 2368K, reserved 1048576K
}
Event: 11.491 GC heap before
{Heap before GC invocations=8 (full 1):
 PSYoungGen      total 30208K, used 25088K [0x00000000d5580000, 0x00000000d7d80000, 0x0000000100000000)
  eden space 25088K, 100% used [0x00000000d5580000,0x00000000d6e00000,0x00000000d6e00000)
  from space 5120K, 0% used [0x00000000d7880000,0x00000000d7880000,0x00000000d7d80000)
  to   space 6656K, 0% used [0x00000000d7080000,0x00000000d7080000,0x00000000d7700000)
 ParOldGen       total 68608K, used 20414K [0x0000000080000000, 0x0000000084300000, 0x00000000d5580000)
  object space 68608K, 29% used [0x0000000080000000,0x00000000813efb00,0x0000000084300000)
 Metaspace       used 22491K, committed 23232K, reserved 1114112K
  class space    used 2165K, committed 2496K, reserved 1048576K
}
Event: 11.496 GC heap after
{Heap after GC invocations=8 (full 1):
 PSYoungGen      total 27136K, used 2152K [0x00000000d5580000, 0x00000000d7900000, 0x0000000100000000)
  eden space 24576K, 0% used [0x00000000d5580000,0x00000000d5580000,0x00000000d6d80000)
  from space 2560K, 84% used [0x00000000d7080000,0x00000000d729a2c0,0x00000000d7300000)
  to   space 3584K, 0% used [0x00000000d7580000,0x00000000d7580000,0x00000000d7900000)
 ParOldGen       total 68608K, used 20422K [0x0000000080000000, 0x0000000084300000, 0x00000000d5580000)
  object space 68608K, 29% used [0x0000000080000000,0x00000000813f1b00,0x0000000084300000)
 Metaspace       used 22491K, committed 23232K, reserved 1114112K
  class space    used 2165K, committed 2496K, reserved 1048576K
}
Event: 13.222 GC heap before
{Heap before GC invocations=9 (full 1):
 PSYoungGen      total 27136K, used 26728K [0x00000000d5580000, 0x00000000d7900000, 0x0000000100000000)
  eden space 24576K, 100% used [0x00000000d5580000,0x00000000d6d80000,0x00000000d6d80000)
  from space 2560K, 84% used [0x00000000d7080000,0x00000000d729a2c0,0x00000000d7300000)
  to   space 3584K, 0% used [0x00000000d7580000,0x00000000d7580000,0x00000000d7900000)
 ParOldGen       total 68608K, used 20422K [0x0000000080000000, 0x0000000084300000, 0x00000000d5580000)
  object space 68608K, 29% used [0x0000000080000000,0x00000000813f1b00,0x0000000084300000)
 Metaspace       used 26290K, committed 27200K, reserved 1114112K
  class space    used 2565K, committed 2944K, reserved 1048576K
}
Event: 13.227 GC heap after
{Heap after GC invocations=9 (full 1):
 PSYoungGen      total 27648K, used 3557K [0x00000000d5580000, 0x00000000d7900000, 0x0000000100000000)
  eden space 24064K, 0% used [0x00000000d5580000,0x00000000d5580000,0x00000000d6d00000)
  from space 3584K, 99% used [0x00000000d7580000,0x00000000d78f97e8,0x00000000d7900000)
  to   space 4096K, 0% used [0x00000000d7100000,0x00000000d7100000,0x00000000d7500000)
 ParOldGen       total 68608K, used 21212K [0x0000000080000000, 0x0000000084300000, 0x00000000d5580000)
  object space 68608K, 30% used [0x0000000080000000,0x00000000814b7010,0x0000000084300000)
 Metaspace       used 26290K, committed 27200K, reserved 1114112K
  class space    used 2565K, committed 2944K, reserved 1048576K
}
Event: 13.336 GC heap before
{Heap before GC invocations=10 (full 1):
 PSYoungGen      total 27648K, used 27621K [0x00000000d5580000, 0x00000000d7900000, 0x0000000100000000)
  eden space 24064K, 100% used [0x00000000d5580000,0x00000000d6d00000,0x00000000d6d00000)
  from space 3584K, 99% used [0x00000000d7580000,0x00000000d78f97e8,0x00000000d7900000)
  to   space 4096K, 0% used [0x00000000d7100000,0x00000000d7100000,0x00000000d7500000)
 ParOldGen       total 68608K, used 21212K [0x0000000080000000, 0x0000000084300000, 0x00000000d5580000)
  object space 68608K, 30% used [0x0000000080000000,0x00000000814b7010,0x0000000084300000)
 Metaspace       used 26331K, committed 27200K, reserved 1114112K
  class space    used 2570K, committed 2944K, reserved 1048576K
}
Event: 13.341 GC heap after
{Heap after GC invocations=10 (full 1):
 PSYoungGen      total 27136K, used 3520K [0x00000000d5580000, 0x00000000d7600000, 0x0000000100000000)
  eden space 23552K, 0% used [0x00000000d5580000,0x00000000d5580000,0x00000000d6c80000)
  from space 3584K, 98% used [0x00000000d7100000,0x00000000d7470058,0x00000000d7480000)
  to   space 1536K, 0% used [0x00000000d7480000,0x00000000d7480000,0x00000000d7600000)
 ParOldGen       total 68608K, used 21220K [0x0000000080000000, 0x0000000084300000, 0x00000000d5580000)
  object space 68608K, 30% used [0x0000000080000000,0x00000000814b9010,0x0000000084300000)
 Metaspace       used 26331K, committed 27200K, reserved 1114112K
  class space    used 2570K, committed 2944K, reserved 1048576K
}
Event: 13.420 GC heap before
{Heap before GC invocations=11 (full 1):
 PSYoungGen      total 27136K, used 27072K [0x00000000d5580000, 0x00000000d7600000, 0x0000000100000000)
  eden space 23552K, 100% used [0x00000000d5580000,0x00000000d6c80000,0x00000000d6c80000)
  from space 3584K, 98% used [0x00000000d7100000,0x00000000d7470058,0x00000000d7480000)
  to   space 1536K, 0% used [0x00000000d7480000,0x00000000d7480000,0x00000000d7600000)
 ParOldGen       total 68608K, used 21220K [0x0000000080000000, 0x0000000084300000, 0x00000000d5580000)
  object space 68608K, 30% used [0x0000000080000000,0x00000000814b9010,0x0000000084300000)
 Metaspace       used 26486K, committed 27328K, reserved 1114112K
  class space    used 2589K, committed 2944K, reserved 1048576K
}
Event: 13.426 GC heap after
{Heap after GC invocations=11 (full 1):
 PSYoungGen      total 23552K, used 320K [0x00000000d5580000, 0x00000000d7500000, 0x0000000100000000)
  eden space 23040K, 0% used [0x00000000d5580000,0x00000000d5580000,0x00000000d6c00000)
  from space 512K, 62% used [0x00000000d7480000,0x00000000d74d0000,0x00000000d7500000)
  to   space 1536K, 0% used [0x00000000d7200000,0x00000000d7200000,0x00000000d7380000)
 ParOldGen       total 68608K, used 24625K [0x0000000080000000, 0x0000000084300000, 0x00000000d5580000)
  object space 68608K, 35% used [0x0000000080000000,0x000000008180c7c0,0x0000000084300000)
 Metaspace       used 26486K, committed 27328K, reserved 1114112K
  class space    used 2589K, committed 2944K, reserved 1048576K
}
Event: 15.602 GC heap before
{Heap before GC invocations=12 (full 1):
 PSYoungGen      total 23552K, used 23360K [0x00000000d5580000, 0x00000000d7500000, 0x0000000100000000)
  eden space 23040K, 100% used [0x00000000d5580000,0x00000000d6c00000,0x00000000d6c00000)
  from space 512K, 62% used [0x00000000d7480000,0x00000000d74d0000,0x00000000d7500000)
  to   space 1536K, 0% used [0x00000000d7200000,0x00000000d7200000,0x00000000d7380000)
 ParOldGen       total 68608K, used 24625K [0x0000000080000000, 0x0000000084300000, 0x00000000d5580000)
  object space 68608K, 35% used [0x0000000080000000,0x000000008180c7c0,0x0000000084300000)
 Metaspace       used 29512K, committed 30336K, reserved 1114112K
  class space    used 2937K, committed 3264K, reserved 1048576K
}
Event: 15.605 GC heap after
{Heap after GC invocations=12 (full 1):
 PSYoungGen      total 24064K, used 992K [0x00000000d5580000, 0x00000000d7500000, 0x0000000100000000)
  eden space 22528K, 0% used [0x00000000d5580000,0x00000000d5580000,0x00000000d6b80000)
  from space 1536K, 64% used [0x00000000d7200000,0x00000000d72f8000,0x00000000d7380000)
  to   space 1536K, 0% used [0x00000000d7380000,0x00000000d7380000,0x00000000d7500000)
 ParOldGen       total 68608K, used 24713K [0x0000000080000000, 0x0000000084300000, 0x00000000d5580000)
  object space 68608K, 36% used [0x0000000080000000,0x00000000818227c0,0x0000000084300000)
 Metaspace       used 29512K, committed 30336K, reserved 1114112K
  class space    used 2937K, committed 3264K, reserved 1048576K
}
Event: 17.639 GC heap before
{Heap before GC invocations=13 (full 1):
 PSYoungGen      total 24064K, used 23520K [0x00000000d5580000, 0x00000000d7500000, 0x0000000100000000)
  eden space 22528K, 100% used [0x00000000d5580000,0x00000000d6b80000,0x00000000d6b80000)
  from space 1536K, 64% used [0x00000000d7200000,0x00000000d72f8000,0x00000000d7380000)
  to   space 1536K, 0% used [0x00000000d7380000,0x00000000d7380000,0x00000000d7500000)
 ParOldGen       total 68608K, used 24713K [0x0000000080000000, 0x0000000084300000, 0x00000000d5580000)
  object space 68608K, 36% used [0x0000000080000000,0x00000000818227c0,0x0000000084300000)
 Metaspace       used 31873K, committed 32832K, reserved 1114112K
  class space    used 3174K, committed 3584K, reserved 1048576K
}
Event: 17.647 GC heap after
{Heap after GC invocations=13 (full 1):
 PSYoungGen      total 23552K, used 1534K [0x00000000d5580000, 0x00000000d7500000, 0x0000000100000000)
  eden space 22016K, 0% used [0x00000000d5580000,0x00000000d5580000,0x00000000d6b00000)
  from space 1536K, 99% used [0x00000000d7380000,0x00000000d74ff838,0x00000000d7500000)
  to   space 3072K, 0% used [0x00000000d6f00000,0x00000000d6f00000,0x00000000d7200000)
 ParOldGen       total 68608K, used 25783K [0x0000000080000000, 0x0000000084300000, 0x00000000d5580000)
  object space 68608K, 37% used [0x0000000080000000,0x000000008192df78,0x0000000084300000)
 Metaspace       used 31873K, committed 32832K, reserved 1114112K
  class space    used 3174K, committed 3584K, reserved 1048576K
}

