# JRE version: OpenJDK Runtime Environment Temurin-21.0.10+7 (21.0.10+7) (build 21.0.10+7-LTS)
# Java VM: OpenJDK 64-Bit Server VM Temurin-21.0.10+7 (21.0.10+7-LTS, mixed mode, sharing, tiered, compressed oops, compressed class ptrs, parallel gc, windows-amd64)
GC Precious Log:
 CardTable entry size: 512
 CPUs: 12 total, 12 available
 Memory: 7916M
 Large Page Support: Disabled
 NUMA Support: Disabled
 Compressed Oops: Enabled (32-bit)
 Alignments: Space 512K, Generation 512K, Heap 2M
 Heap Min Capacity: 100M
 Heap Initial Capacity: 100M
 Heap Max Capacity: 2G
 Pre-touch: Disabled
 Parallel Workers: 10
Heap:
 PSYoungGen      total 20992K, used 10244K [0x00000000d5580000, 0x00000000d6e80000, 0x0000000100000000)
  eden space 19456K, 44% used [0x00000000d5580000,0x00000000d5e06fa0,0x00000000d6880000)
  from space 1536K, 98% used [0x00000000d6c00000,0x00000000d6d7a400,0x00000000d6d80000)
  to   space 3072K, 0% used [0x00000000d6880000,0x00000000d6880000,0x00000000d6b80000)
 ParOldGen       total 734208K, used 551655K [0x0000000080000000, 0x00000000acd00000, 0x00000000d5580000)
  object space 734208K, 75% used [0x0000000080000000,0x00000000a1ab9fb8,0x00000000acd00000)
 Metaspace       used 91343K, committed 92992K, reserved 1179648K
  class space    used 9306K, committed 10112K, reserved 1048576K
GC Heap History (20 events):
Event: 16481.702 GC heap before
{Heap before GC invocations=904 (full 5):
 PSYoungGen      total 20992K, used 20971K [0x00000000d5580000, 0x00000000d7480000, 0x0000000100000000)
  eden space 19456K, 100% used [0x00000000d5580000,0x00000000d6880000,0x00000000d6880000)
  from space 1536K, 98% used [0x00000000d6e00000,0x00000000d6f7ada0,0x00000000d6f80000)
  to   space 5632K, 0% used [0x00000000d6880000,0x00000000d6880000,0x00000000d6e00000)
 ParOldGen       total 734208K, used 533821K [0x0000000080000000, 0x00000000acd00000, 0x00000000d5580000)
  object space 734208K, 72% used [0x0000000080000000,0x00000000a094f510,0x00000000acd00000)
 Metaspace       used 90250K, committed 91968K, reserved 1179648K
  class space    used 9171K, committed 10048K, reserved 1048576K
}
Event: 16481.710 GC heap after
{Heap after GC invocations=904 (full 5):
 PSYoungGen      total 22016K, used 2384K [0x00000000d5580000, 0x00000000d6f80000, 0x0000000100000000)
  eden space 19456K, 0% used [0x00000000d5580000,0x00000000d5580000,0x00000000d6880000)
  from space 2560K, 93% used [0x00000000d6880000,0x00000000d6ad4030,0x00000000d6b00000)
  to   space 3584K, 0% used [0x00000000d6c00000,0x00000000d6c00000,0x00000000d6f80000)
 ParOldGen       total 734208K, used 535329K [0x0000000080000000, 0x00000000acd00000, 0x00000000d5580000)
  object space 734208K, 72% used [0x0000000080000000,0x00000000a0ac86b8,0x00000000acd00000)
 Metaspace       used 90250K, committed 91968K, reserved 1179648K
  class space    used 9171K, committed 10048K, reserved 1048576K
}
Event: 16481.802 GC heap before
{Heap before GC invocations=905 (full 5):
 PSYoungGen      total 22016K, used 21840K [0x00000000d5580000, 0x00000000d6f80000, 0x0000000100000000)
  eden space 19456K, 100% used [0x00000000d5580000,0x00000000d6880000,0x00000000d6880000)
  from space 2560K, 93% used [0x00000000d6880000,0x00000000d6ad4030,0x00000000d6b00000)
  to   space 3584K, 0% used [0x00000000d6c00000,0x00000000d6c00000,0x00000000d6f80000)
 ParOldGen       total 734208K, used 535329K [0x0000000080000000, 0x00000000acd00000, 0x00000000d5580000)
  object space 734208K, 72% used [0x0000000080000000,0x00000000a0ac86b8,0x00000000acd00000)
 Metaspace       used 90254K, committed 91968K, reserved 1179648K
  class space    used 9171K, committed 10048K, reserved 1048576K
}
Event: 16481.812 GC heap after
{Heap after GC invocations=905 (full 5):
 PSYoungGen      total 22528K, used 2641K [0x00000000d5580000, 0x00000000d6f00000, 0x0000000100000000)
  eden space 19456K, 0% used [0x00000000d5580000,0x00000000d5580000,0x00000000d6880000)
  from space 3072K, 85% used [0x00000000d6c00000,0x00000000d6e944a8,0x00000000d6f00000)
  to   space 3072K, 0% used [0x00000000d6900000,0x00000000d6900000,0x00000000d6c00000)
 ParOldGen       total 734208K, used 537549K [0x0000000080000000, 0x00000000acd00000, 0x00000000d5580000)
  object space 734208K, 73% used [0x0000000080000000,0x00000000a0cf36f8,0x00000000acd00000)
 Metaspace       used 90254K, committed 91968K, reserved 1179648K
  class space    used 9171K, committed 10048K, reserved 1048576K
}
Event: 16482.035 GC heap before
{Heap before GC invocations=906 (full 5):
 PSYoungGen      total 22528K, used 22097K [0x00000000d5580000, 0x00000000d6f00000, 0x0000000100000000)
  eden space 19456K, 100% used [0x00000000d5580000,0x00000000d6880000,0x00000000d6880000)
  from space 3072K, 85% used [0x00000000d6c00000,0x00000000d6e944a8,0x00000000d6f00000)
  to   space 3072K, 0% used [0x00000000d6900000,0x00000000d6900000,0x00000000d6c00000)
 ParOldGen       total 734208K, used 537549K [0x0000000080000000, 0x00000000acd00000, 0x00000000d5580000)
  object space 734208K, 73% used [0x0000000080000000,0x00000000a0cf36f8,0x00000000acd00000)
 Metaspace       used 90265K, committed 91968K, reserved 1179648K
  class space    used 9171K, committed 10048K, reserved 1048576K
}
Event: 16482.056 GC heap after
{Heap after GC invocations=906 (full 5):
 PSYoungGen      total 22528K, used 3053K [0x00000000d5580000, 0x00000000d7480000, 0x0000000100000000)
  eden space 19456K, 0% used [0x00000000d5580000,0x00000000d5580000,0x00000000d6880000)
  from space 3072K, 99% used [0x00000000d6900000,0x00000000d6bfb600,0x00000000d6c00000)
  to   space 6144K, 0% used [0x00000000d6e80000,0x00000000d6e80000,0x00000000d7480000)
 ParOldGen       total 734208K, used 540088K [0x0000000080000000, 0x00000000acd00000, 0x00000000d5580000)
  object space 734208K, 73% used [0x0000000080000000,0x00000000a0f6e128,0x00000000acd00000)
 Metaspace       used 90265K, committed 91968K, reserved 1179648K
  class space    used 9171K, committed 10048K, reserved 1048576K
}
Event: 16482.160 GC heap before
{Heap before GC invocations=907 (full 5):
 PSYoungGen      total 22528K, used 22509K [0x00000000d5580000, 0x00000000d7480000, 0x0000000100000000)
  eden space 19456K, 100% used [0x00000000d5580000,0x00000000d6880000,0x00000000d6880000)
  from space 3072K, 99% used [0x00000000d6900000,0x00000000d6bfb600,0x00000000d6c00000)
  to   space 6144K, 0% used [0x00000000d6e80000,0x00000000d6e80000,0x00000000d7480000)
 ParOldGen       total 734208K, used 540088K [0x0000000080000000, 0x00000000acd00000, 0x00000000d5580000)
  object space 734208K, 73% used [0x0000000080000000,0x00000000a0f6e128,0x00000000acd00000)
 Metaspace       used 90270K, committed 91968K, reserved 1179648K
  class space    used 9171K, committed 10048K, reserved 1048576K
}
Event: 16482.189 GC heap after
{Heap after GC invocations=907 (full 5):
 PSYoungGen      total 22528K, used 2562K [0x00000000d5580000, 0x00000000d7180000, 0x0000000100000000)
  eden space 19456K, 0% used [0x00000000d5580000,0x00000000d5580000,0x00000000d6880000)
  from space 3072K, 83% used [0x00000000d6e80000,0x00000000d71008f8,0x00000000d7180000)
  to   space 4096K, 0% used [0x00000000d6980000,0x00000000d6980000,0x00000000d6d80000)
 ParOldGen       total 734208K, used 543059K [0x0000000080000000, 0x00000000acd00000, 0x00000000d5580000)
  object space 734208K, 73% used [0x0000000080000000,0x00000000a1254ea8,0x00000000acd00000)
 Metaspace       used 90270K, committed 91968K, reserved 1179648K
  class space    used 9171K, committed 10048K, reserved 1048576K
}
Event: 16518.969 GC heap before
{Heap before GC invocations=908 (full 5):
 PSYoungGen      total 22528K, used 22018K [0x00000000d5580000, 0x00000000d7180000, 0x0000000100000000)
  eden space 19456K, 100% used [0x00000000d5580000,0x00000000d6880000,0x00000000d6880000)
  from space 3072K, 83% used [0x00000000d6e80000,0x00000000d71008f8,0x00000000d7180000)
  to   space 4096K, 0% used [0x00000000d6980000,0x00000000d6980000,0x00000000d6d80000)
 ParOldGen       total 734208K, used 543059K [0x0000000080000000, 0x00000000acd00000, 0x00000000d5580000)
  object space 734208K, 73% used [0x0000000080000000,0x00000000a1254ea8,0x00000000acd00000)
 Metaspace       used 90424K, committed 92096K, reserved 1179648K
  class space    used 9186K, committed 10048K, reserved 1048576K
}
Event: 16519.022 GC heap after
{Heap after GC invocations=908 (full 5):
 PSYoungGen      total 20992K, used 1127K [0x00000000d5580000, 0x00000000d6f00000, 0x0000000100000000)
  eden space 19456K, 0% used [0x00000000d5580000,0x00000000d5580000,0x00000000d6880000)
  from space 1536K, 73% used [0x00000000d6980000,0x00000000d6a99de0,0x00000000d6b00000)
  to   space 2048K, 0% used [0x00000000d6d00000,0x00000000d6d00000,0x00000000d6f00000)
 ParOldGen       total 734208K, used 545435K [0x0000000080000000, 0x00000000acd00000, 0x00000000d5580000)
  object space 734208K, 74% used [0x0000000080000000,0x00000000a14a6c40,0x00000000acd00000)
 Metaspace       used 90424K, committed 92096K, reserved 1179648K
  class space    used 9186K, committed 10048K, reserved 1048576K
}
Event: 18665.062 GC heap before
{Heap before GC invocations=909 (full 5):
 PSYoungGen      total 20992K, used 20583K [0x00000000d5580000, 0x00000000d6f00000, 0x0000000100000000)
  eden space 19456K, 100% used [0x00000000d5580000,0x00000000d6880000,0x00000000d6880000)
  from space 1536K, 73% used [0x00000000d6980000,0x00000000d6a99de0,0x00000000d6b00000)
  to   space 2048K, 0% used [0x00000000d6d00000,0x00000000d6d00000,0x00000000d6f00000)
 ParOldGen       total 734208K, used 545435K [0x0000000080000000, 0x00000000acd00000, 0x00000000d5580000)
  object space 734208K, 74% used [0x0000000080000000,0x00000000a14a6c40,0x00000000acd00000)
 Metaspace       used 90455K, committed 92160K, reserved 1179648K
  class space    used 9186K, committed 10048K, reserved 1048576K
}
Event: 18665.195 GC heap after
{Heap after GC invocations=909 (full 5):
 PSYoungGen      total 21504K, used 1604K [0x00000000d5580000, 0x00000000d6f00000, 0x0000000100000000)
  eden space 19456K, 0% used [0x00000000d5580000,0x00000000d5580000,0x00000000d6880000)
  from space 2048K, 78% used [0x00000000d6d00000,0x00000000d6e91250,0x00000000d6f00000)
  to   space 2048K, 0% used [0x00000000d6b00000,0x00000000d6b00000,0x00000000d6d00000)
 ParOldGen       total 734208K, used 546414K [0x0000000080000000, 0x00000000acd00000, 0x00000000d5580000)
  object space 734208K, 74% used [0x0000000080000000,0x00000000a159bbc0,0x00000000acd00000)
 Metaspace       used 90455K, committed 92160K, reserved 1179648K
  class space    used 9186K, committed 10048K, reserved 1048576K
}
Event: 18666.898 GC heap before
{Heap before GC invocations=910 (full 5):
 PSYoungGen      total 21504K, used 21060K [0x00000000d5580000, 0x00000000d6f00000, 0x0000000100000000)
  eden space 19456K, 100% used [0x00000000d5580000,0x00000000d6880000,0x00000000d6880000)
  from space 2048K, 78% used [0x00000000d6d00000,0x00000000d6e91250,0x00000000d6f00000)
  to   space 2048K, 0% used [0x00000000d6b00000,0x00000000d6b00000,0x00000000d6d00000)
 ParOldGen       total 734208K, used 546414K [0x0000000080000000, 0x00000000acd00000, 0x00000000d5580000)
  object space 734208K, 74% used [0x0000000080000000,0x00000000a159bbc0,0x00000000acd00000)
 Metaspace       used 90520K, committed 92160K, reserved 1179648K
  class space    used 9187K, committed 10048K, reserved 1048576K
}
Event: 18666.913 GC heap after
{Heap after GC invocations=910 (full 5):
 PSYoungGen      total 21504K, used 2038K [0x00000000d5580000, 0x00000000d7080000, 0x0000000100000000)
  eden space 19456K, 0% used [0x00000000d5580000,0x00000000d5580000,0x00000000d6880000)
  from space 2048K, 99% used [0x00000000d6b00000,0x00000000d6cfd938,0x00000000d6d00000)
  to   space 3584K, 0% used [0x00000000d6d00000,0x00000000d6d00000,0x00000000d7080000)
 ParOldGen       total 734208K, used 548064K [0x0000000080000000, 0x00000000acd00000, 0x00000000d5580000)
  object space 734208K, 74% used [0x0000000080000000,0x00000000a17383b8,0x00000000acd00000)
 Metaspace       used 90520K, committed 92160K, reserved 1179648K
  class space    used 9187K, committed 10048K, reserved 1048576K
}
Event: 18666.959 GC heap before
{Heap before GC invocations=911 (full 5):
 PSYoungGen      total 21504K, used 21494K [0x00000000d5580000, 0x00000000d7080000, 0x0000000100000000)
  eden space 19456K, 100% used [0x00000000d5580000,0x00000000d6880000,0x00000000d6880000)
  from space 2048K, 99% used [0x00000000d6b00000,0x00000000d6cfd938,0x00000000d6d00000)
  to   space 3584K, 0% used [0x00000000d6d00000,0x00000000d6d00000,0x00000000d7080000)
 ParOldGen       total 734208K, used 548064K [0x0000000080000000, 0x00000000acd00000, 0x00000000d5580000)
  object space 734208K, 74% used [0x0000000080000000,0x00000000a17383b8,0x00000000acd00000)
 Metaspace       used 90548K, committed 92224K, reserved 1179648K
  class space    used 9190K, committed 10048K, reserved 1048576K
}
Event: 18666.972 GC heap after
{Heap after GC invocations=911 (full 5):
 PSYoungGen      total 20992K, used 1124K [0x00000000d5580000, 0x00000000d6e80000, 0x0000000100000000)
  eden space 19456K, 0% used [0x00000000d5580000,0x00000000d5580000,0x00000000d6880000)
  from space 1536K, 73% used [0x00000000d6d00000,0x00000000d6e19230,0x00000000d6e80000)
  to   space 2560K, 0% used [0x00000000d6980000,0x00000000d6980000,0x00000000d6c00000)
 ParOldGen       total 734208K, used 549890K [0x0000000080000000, 0x00000000acd00000, 0x00000000d5580000)
  object space 734208K, 74% used [0x0000000080000000,0x00000000a1900818,0x00000000acd00000)
 Metaspace       used 90548K, committed 92224K, reserved 1179648K
  class space    used 9190K, committed 10048K, reserved 1048576K
}
Event: 18699.235 GC heap before
{Heap before GC invocations=912 (full 5):
 PSYoungGen      total 20992K, used 20580K [0x00000000d5580000, 0x00000000d6e80000, 0x0000000100000000)
  eden space 19456K, 100% used [0x00000000d5580000,0x00000000d6880000,0x00000000d6880000)
  from space 1536K, 73% used [0x00000000d6d00000,0x00000000d6e19230,0x00000000d6e80000)
  to   space 2560K, 0% used [0x00000000d6980000,0x00000000d6980000,0x00000000d6c00000)
 ParOldGen       total 734208K, used 549890K [0x0000000080000000, 0x00000000acd00000, 0x00000000d5580000)
  object space 734208K, 74% used [0x0000000080000000,0x00000000a1900818,0x00000000acd00000)
 Metaspace       used 90683K, committed 92352K, reserved 1179648K
  class space    used 9207K, committed 10048K, reserved 1048576K
}
Event: 18699.244 GC heap after
{Heap after GC invocations=912 (full 5):
 PSYoungGen      total 22016K, used 820K [0x00000000d5580000, 0x00000000d6d80000, 0x0000000100000000)
  eden space 19456K, 0% used [0x00000000d5580000,0x00000000d5580000,0x00000000d6880000)
  from space 2560K, 32% used [0x00000000d6980000,0x00000000d6a4d220,0x00000000d6c00000)
  to   space 1536K, 0% used [0x00000000d6c00000,0x00000000d6c00000,0x00000000d6d80000)
 ParOldGen       total 734208K, used 550870K [0x0000000080000000, 0x00000000acd00000, 0x00000000d5580000)
  object space 734208K, 75% used [0x0000000080000000,0x00000000a19f5a68,0x00000000acd00000)
 Metaspace       used 90683K, committed 92352K, reserved 1179648K
  class space    used 9207K, committed 10048K, reserved 1048576K
}
Event: 18701.251 GC heap before
{Heap before GC invocations=913 (full 5):
 PSYoungGen      total 22016K, used 20273K [0x00000000d5580000, 0x00000000d6d80000, 0x0000000100000000)
  eden space 19456K, 99% used [0x00000000d5580000,0x00000000d687f2f8,0x00000000d6880000)
  from space 2560K, 32% used [0x00000000d6980000,0x00000000d6a4d220,0x00000000d6c00000)
  to   space 1536K, 0% used [0x00000000d6c00000,0x00000000d6c00000,0x00000000d6d80000)
 ParOldGen       total 734208K, used 550870K [0x0000000080000000, 0x00000000acd00000, 0x00000000d5580000)
  object space 734208K, 75% used [0x0000000080000000,0x00000000a19f5a68,0x00000000acd00000)
 Metaspace       used 91053K, committed 92672K, reserved 1179648K
  class space    used 9266K, committed 10112K, reserved 1048576K
}
Event: 18701.260 GC heap after
{Heap after GC invocations=913 (full 5):
 PSYoungGen      total 20992K, used 1513K [0x00000000d5580000, 0x00000000d6e80000, 0x0000000100000000)
  eden space 19456K, 0% used [0x00000000d5580000,0x00000000d5580000,0x00000000d6880000)
  from space 1536K, 98% used [0x00000000d6c00000,0x00000000d6d7a400,0x00000000d6d80000)
  to   space 3072K, 0% used [0x00000000d6880000,0x00000000d6880000,0x00000000d6b80000)
 ParOldGen       total 734208K, used 551655K [0x0000000080000000, 0x00000000acd00000, 0x00000000d5580000)
  object space 734208K, 75% used [0x0000000080000000,0x00000000a1ab9fb8,0x00000000acd00000)
 Metaspace       used 91053K, committed 92672K, reserved 1179648K
  class space    used 9266K, committed 10112K, reserved 1048576K
}

