# JRE version: OpenJDK Runtime Environment Temurin-21.0.10+7 (21.0.10+7) (build 21.0.10+7-LTS)
# Java VM: OpenJDK 64-Bit Server VM Temurin-21.0.10+7 (21.0.10+7-LTS, mixed mode, sharing, tiered, compressed oops, compressed class ptrs, parallel gc, windows-amd64)
GC Precious Log:
 CardTable entry size: 512
 CPUs: 12 total, 12 available
 Memory: 7916M
 Large Page Support: Disabled
 NUMA Support: Disabled
 Compressed Oops: Enabled (32-bit)
 Alignments: Space 512K, Generation 512K, Heap 2M
 Heap Min Capacity: 100M
 Heap Initial Capacity: 100M
 Heap Max Capacity: 2G
 Pre-touch: Disabled
 Parallel Workers: 10
Heap:
 PSYoungGen      total 2560K, used 1586K [0x00000000d5580000, 0x00000000d5900000, 0x0000000100000000)
  eden space 2048K, 58% used [0x00000000d5580000,0x00000000d56ac868,0x00000000d5780000)
  from space 512K, 75% used [0x00000000d5880000,0x00000000d58e0000,0x00000000d5900000)
  to   space 512K, 0% used [0x00000000d5800000,0x00000000d5800000,0x00000000d5880000)
 ParOldGen       total 1069056K, used 229724K [0x0000000080000000, 0x00000000c1400000, 0x00000000d5580000)
  object space 1069056K, 21% used [0x0000000080000000,0x000000008e057348,0x00000000c1400000)
 Metaspace       used 88752K, committed 90368K, reserved 1179648K
  class space    used 8948K, committed 9664K, reserved 1048576K
GC Heap History (20 events):
Event: 85433.812 GC heap before
{Heap before GC invocations=1676 (full 5):
 PSYoungGen      total 2560K, used 2528K [0x00000000d5580000, 0x00000000d5900000, 0x0000000100000000)
  eden space 2048K, 100% used [0x00000000d5580000,0x00000000d5780000,0x00000000d5780000)
  from space 512K, 93% used [0x00000000d5880000,0x00000000d58f8000,0x00000000d5900000)
  to   space 512K, 0% used [0x00000000d5800000,0x00000000d5800000,0x00000000d5880000)
 ParOldGen       total 1069056K, used 227080K [0x0000000080000000, 0x00000000c1400000, 0x00000000d5580000)
  object space 1069056K, 21% used [0x0000000080000000,0x000000008ddc2048,0x00000000c1400000)
 Metaspace       used 88064K, committed 89728K, reserved 1179648K
  class space    used 8855K, committed 9600K, reserved 1048576K
}
Event: 85433.820 GC heap after
{Heap after GC invocations=1676 (full 5):
 PSYoungGen      total 2560K, used 416K [0x00000000d5580000, 0x00000000d5900000, 0x0000000100000000)
  eden space 2048K, 0% used [0x00000000d5580000,0x00000000d5580000,0x00000000d5780000)
  from space 512K, 81% used [0x00000000d5800000,0x00000000d5868000,0x00000000d5880000)
  to   space 512K, 0% used [0x00000000d5880000,0x00000000d5880000,0x00000000d5900000)
 ParOldGen       total 1069056K, used 227422K [0x0000000080000000, 0x00000000c1400000, 0x00000000d5580000)
  object space 1069056K, 21% used [0x0000000080000000,0x000000008de17a90,0x00000000c1400000)
 Metaspace       used 88064K, committed 89728K, reserved 1179648K
  class space    used 8855K, committed 9600K, reserved 1048576K
}
Event: 85433.825 GC heap before
{Heap before GC invocations=1677 (full 5):
 PSYoungGen      total 2560K, used 2464K [0x00000000d5580000, 0x00000000d5900000, 0x0000000100000000)
  eden space 2048K, 100% used [0x00000000d5580000,0x00000000d5780000,0x00000000d5780000)
  from space 512K, 81% used [0x00000000d5800000,0x00000000d5868000,0x00000000d5880000)
  to   space 512K, 0% used [0x00000000d5880000,0x00000000d5880000,0x00000000d5900000)
 ParOldGen       total 1069056K, used 227422K [0x0000000080000000, 0x00000000c1400000, 0x00000000d5580000)
  object space 1069056K, 21% used [0x0000000080000000,0x000000008de17a90,0x00000000c1400000)
 Metaspace       used 88064K, committed 89728K, reserved 1179648K
  class space    used 8855K, committed 9600K, reserved 1048576K
}
Event: 85433.828 GC heap after
{Heap after GC invocations=1677 (full 5):
 PSYoungGen      total 2560K, used 384K [0x00000000d5580000, 0x00000000d5900000, 0x0000000100000000)
  eden space 2048K, 0% used [0x00000000d5580000,0x00000000d5580000,0x00000000d5780000)
  from space 512K, 75% used [0x00000000d5880000,0x00000000d58e0000,0x00000000d5900000)
  to   space 512K, 0% used [0x00000000d5800000,0x00000000d5800000,0x00000000d5880000)
 ParOldGen       total 1069056K, used 227630K [0x0000000080000000, 0x00000000c1400000, 0x00000000d5580000)
  object space 1069056K, 21% used [0x0000000080000000,0x000000008de4bab0,0x00000000c1400000)
 Metaspace       used 88064K, committed 89728K, reserved 1179648K
  class space    used 8855K, committed 9600K, reserved 1048576K
}
Event: 85433.838 GC heap before
{Heap before GC invocations=1678 (full 5):
 PSYoungGen      total 2560K, used 2431K [0x00000000d5580000, 0x00000000d5900000, 0x0000000100000000)
  eden space 2048K, 99% used [0x00000000d5580000,0x00000000d577ffe8,0x00000000d5780000)
  from space 512K, 75% used [0x00000000d5880000,0x00000000d58e0000,0x00000000d5900000)
  to   space 512K, 0% used [0x00000000d5800000,0x00000000d5800000,0x00000000d5880000)
 ParOldGen       total 1069056K, used 227630K [0x0000000080000000, 0x00000000c1400000, 0x00000000d5580000)
  object space 1069056K, 21% used [0x0000000080000000,0x000000008de4bab0,0x00000000c1400000)
 Metaspace       used 88064K, committed 89728K, reserved 1179648K
  class space    used 8855K, committed 9600K, reserved 1048576K
}
Event: 85433.840 GC heap after
{Heap after GC invocations=1678 (full 5):
 PSYoungGen      total 2560K, used 352K [0x00000000d5580000, 0x00000000d5900000, 0x0000000100000000)
  eden space 2048K, 0% used [0x00000000d5580000,0x00000000d5580000,0x00000000d5780000)
  from space 512K, 68% used [0x00000000d5800000,0x00000000d5858000,0x00000000d5880000)
  to   space 512K, 0% used [0x00000000d5880000,0x00000000d5880000,0x00000000d5900000)
 ParOldGen       total 1069056K, used 227822K [0x0000000080000000, 0x00000000c1400000, 0x00000000d5580000)
  object space 1069056K, 21% used [0x0000000080000000,0x000000008de7baf0,0x00000000c1400000)
 Metaspace       used 88064K, committed 89728K, reserved 1179648K
  class space    used 8855K, committed 9600K, reserved 1048576K
}
Event: 85434.862 GC heap before
{Heap before GC invocations=1679 (full 5):
 PSYoungGen      total 2560K, used 2395K [0x00000000d5580000, 0x00000000d5900000, 0x0000000100000000)
  eden space 2048K, 99% used [0x00000000d5580000,0x00000000d577ee88,0x00000000d5780000)
  from space 512K, 68% used [0x00000000d5800000,0x00000000d5858000,0x00000000d5880000)
  to   space 512K, 0% used [0x00000000d5880000,0x00000000d5880000,0x00000000d5900000)
 ParOldGen       total 1069056K, used 227822K [0x0000000080000000, 0x00000000c1400000, 0x00000000d5580000)
  object space 1069056K, 21% used [0x0000000080000000,0x000000008de7baf0,0x00000000c1400000)
 Metaspace       used 88179K, committed 89792K, reserved 1179648K
  class space    used 8876K, committed 9600K, reserved 1048576K
}
Event: 85434.871 GC heap after
{Heap after GC invocations=1679 (full 5):
 PSYoungGen      total 2560K, used 512K [0x00000000d5580000, 0x00000000d5980000, 0x0000000100000000)
  eden space 2048K, 0% used [0x00000000d5580000,0x00000000d5580000,0x00000000d5780000)
  from space 512K, 100% used [0x00000000d5880000,0x00000000d5900000,0x00000000d5900000)
  to   space 1024K, 0% used [0x00000000d5780000,0x00000000d5780000,0x00000000d5880000)
 ParOldGen       total 1069056K, used 228014K [0x0000000080000000, 0x00000000c1400000, 0x00000000d5580000)
  object space 1069056K, 21% used [0x0000000080000000,0x000000008deabaf0,0x00000000c1400000)
 Metaspace       used 88179K, committed 89792K, reserved 1179648K
  class space    used 8876K, committed 9600K, reserved 1048576K
}
Event: 85438.291 GC heap before
{Heap before GC invocations=1680 (full 5):
 PSYoungGen      total 2560K, used 2558K [0x00000000d5580000, 0x00000000d5980000, 0x0000000100000000)
  eden space 2048K, 99% used [0x00000000d5580000,0x00000000d577fb68,0x00000000d5780000)
  from space 512K, 100% used [0x00000000d5880000,0x00000000d5900000,0x00000000d5900000)
  to   space 1024K, 0% used [0x00000000d5780000,0x00000000d5780000,0x00000000d5880000)
 ParOldGen       total 1069056K, used 228014K [0x0000000080000000, 0x00000000c1400000, 0x00000000d5580000)
  object space 1069056K, 21% used [0x0000000080000000,0x000000008deabaf0,0x00000000c1400000)
 Metaspace       used 88551K, committed 90176K, reserved 1179648K
  class space    used 8925K, committed 9664K, reserved 1048576K
}
Event: 85438.296 GC heap after
{Heap after GC invocations=1680 (full 5):
 PSYoungGen      total 3072K, used 288K [0x00000000d5580000, 0x00000000d5900000, 0x0000000100000000)
  eden space 2048K, 0% used [0x00000000d5580000,0x00000000d5580000,0x00000000d5780000)
  from space 1024K, 28% used [0x00000000d5780000,0x00000000d57c8000,0x00000000d5880000)
  to   space 512K, 0% used [0x00000000d5880000,0x00000000d5880000,0x00000000d5900000)
 ParOldGen       total 1069056K, used 228469K [0x0000000080000000, 0x00000000c1400000, 0x00000000d5580000)
  object space 1069056K, 21% used [0x0000000080000000,0x000000008df1d7b0,0x00000000c1400000)
 Metaspace       used 88551K, committed 90176K, reserved 1179648K
  class space    used 8925K, committed 9664K, reserved 1048576K
}
Event: 85438.981 GC heap before
{Heap before GC invocations=1681 (full 5):
 PSYoungGen      total 3072K, used 2336K [0x00000000d5580000, 0x00000000d5900000, 0x0000000100000000)
  eden space 2048K, 100% used [0x00000000d5580000,0x00000000d5780000,0x00000000d5780000)
  from space 1024K, 28% used [0x00000000d5780000,0x00000000d57c8000,0x00000000d5880000)
  to   space 512K, 0% used [0x00000000d5880000,0x00000000d5880000,0x00000000d5900000)
 ParOldGen       total 1069056K, used 228469K [0x0000000080000000, 0x00000000c1400000, 0x00000000d5580000)
  object space 1069056K, 21% used [0x0000000080000000,0x000000008df1d7b0,0x00000000c1400000)
 Metaspace       used 88752K, committed 90368K, reserved 1179648K
  class space    used 8948K, committed 9664K, reserved 1048576K
}
Event: 85438.987 GC heap after
{Heap after GC invocations=1681 (full 5):
 PSYoungGen      total 2560K, used 496K [0x00000000d5580000, 0x00000000d5980000, 0x0000000100000000)
  eden space 2048K, 0% used [0x00000000d5580000,0x00000000d5580000,0x00000000d5780000)
  from space 512K, 96% used [0x00000000d5880000,0x00000000d58fc010,0x00000000d5900000)
  to   space 1024K, 0% used [0x00000000d5780000,0x00000000d5780000,0x00000000d5880000)
 ParOldGen       total 1069056K, used 228549K [0x0000000080000000, 0x00000000c1400000, 0x00000000d5580000)
  object space 1069056K, 21% used [0x0000000080000000,0x000000008df317b0,0x00000000c1400000)
 Metaspace       used 88752K, committed 90368K, reserved 1179648K
  class space    used 8948K, committed 9664K, reserved 1048576K
}
Event: 85439.002 GC heap before
{Heap before GC invocations=1682 (full 5):
 PSYoungGen      total 2560K, used 2544K [0x00000000d5580000, 0x00000000d5980000, 0x0000000100000000)
  eden space 2048K, 100% used [0x00000000d5580000,0x00000000d5780000,0x00000000d5780000)
  from space 512K, 96% used [0x00000000d5880000,0x00000000d58fc010,0x00000000d5900000)
  to   space 1024K, 0% used [0x00000000d5780000,0x00000000d5780000,0x00000000d5880000)
 ParOldGen       total 1069056K, used 228549K [0x0000000080000000, 0x00000000c1400000, 0x00000000d5580000)
  object space 1069056K, 21% used [0x0000000080000000,0x000000008df317b0,0x00000000c1400000)
 Metaspace       used 88752K, committed 90368K, reserved 1179648K
  class space    used 8948K, committed 9664K, reserved 1048576K
}
Event: 85439.004 GC heap after
{Heap after GC invocations=1682 (full 5):
 PSYoungGen      total 3072K, used 586K [0x00000000d5580000, 0x00000000d5980000, 0x0000000100000000)
  eden space 2048K, 0% used [0x00000000d5580000,0x00000000d5580000,0x00000000d5780000)
  from space 1024K, 57% used [0x00000000d5780000,0x00000000d5812910,0x00000000d5880000)
  to   space 1024K, 0% used [0x00000000d5880000,0x00000000d5880000,0x00000000d5980000)
 ParOldGen       total 1069056K, used 228785K [0x0000000080000000, 0x00000000c1400000, 0x00000000d5580000)
  object space 1069056K, 21% used [0x0000000080000000,0x000000008df6c6d0,0x00000000c1400000)
 Metaspace       used 88752K, committed 90368K, reserved 1179648K
  class space    used 8948K, committed 9664K, reserved 1048576K
}
Event: 85439.018 GC heap before
{Heap before GC invocations=1683 (full 5):
 PSYoungGen      total 3072K, used 2634K [0x00000000d5580000, 0x00000000d5980000, 0x0000000100000000)
  eden space 2048K, 100% used [0x00000000d5580000,0x00000000d5780000,0x00000000d5780000)
  from space 1024K, 57% used [0x00000000d5780000,0x00000000d5812910,0x00000000d5880000)
  to   space 1024K, 0% used [0x00000000d5880000,0x00000000d5880000,0x00000000d5980000)
 ParOldGen       total 1069056K, used 228785K [0x0000000080000000, 0x00000000c1400000, 0x00000000d5580000)
  object space 1069056K, 21% used [0x0000000080000000,0x000000008df6c6d0,0x00000000c1400000)
 Metaspace       used 88752K, committed 90368K, reserved 1179648K
  class space    used 8948K, committed 9664K, reserved 1048576K
}
Event: 85439.020 GC heap after
{Heap after GC invocations=1683 (full 5):
 PSYoungGen      total 3072K, used 480K [0x00000000d5580000, 0x00000000d5980000, 0x0000000100000000)
  eden space 2048K, 0% used [0x00000000d5580000,0x00000000d5580000,0x00000000d5780000)
  from space 1024K, 46% used [0x00000000d5880000,0x00000000d58f8000,0x00000000d5980000)
  to   space 1024K, 0% used [0x00000000d5780000,0x00000000d5780000,0x00000000d5880000)
 ParOldGen       total 1069056K, used 229150K [0x0000000080000000, 0x00000000c1400000, 0x00000000d5580000)
  object space 1069056K, 21% used [0x0000000080000000,0x000000008dfc78e0,0x00000000c1400000)
 Metaspace       used 88752K, committed 90368K, reserved 1179648K
  class space    used 8948K, committed 9664K, reserved 1048576K
}
Event: 85439.027 GC heap before
{Heap before GC invocations=1684 (full 5):
 PSYoungGen      total 3072K, used 2528K [0x00000000d5580000, 0x00000000d5980000, 0x0000000100000000)
  eden space 2048K, 100% used [0x00000000d5580000,0x00000000d5780000,0x00000000d5780000)
  from space 1024K, 46% used [0x00000000d5880000,0x00000000d58f8000,0x00000000d5980000)
  to   space 1024K, 0% used [0x00000000d5780000,0x00000000d5780000,0x00000000d5880000)
 ParOldGen       total 1069056K, used 229150K [0x0000000080000000, 0x00000000c1400000, 0x00000000d5580000)
  object space 1069056K, 21% used [0x0000000080000000,0x000000008dfc78e0,0x00000000c1400000)
 Metaspace       used 88752K, committed 90368K, reserved 1179648K
  class space    used 8948K, committed 9664K, reserved 1048576K
}
Event: 85439.031 GC heap after
{Heap after GC invocations=1684 (full 5):
 PSYoungGen      total 3072K, used 448K [0x00000000d5580000, 0x00000000d5900000, 0x0000000100000000)
  eden space 2048K, 0% used [0x00000000d5580000,0x00000000d5580000,0x00000000d5780000)
  from space 1024K, 43% used [0x00000000d5780000,0x00000000d57f0000,0x00000000d5880000)
  to   space 512K, 0% used [0x00000000d5880000,0x00000000d5880000,0x00000000d5900000)
 ParOldGen       total 1069056K, used 229492K [0x0000000080000000, 0x00000000c1400000, 0x00000000d5580000)
  object space 1069056K, 21% used [0x0000000080000000,0x000000008e01d328,0x00000000c1400000)
 Metaspace       used 88752K, committed 90368K, reserved 1179648K
  class space    used 8948K, committed 9664K, reserved 1048576K
}
Event: 85439.038 GC heap before
{Heap before GC invocations=1685 (full 5):
 PSYoungGen      total 3072K, used 2496K [0x00000000d5580000, 0x00000000d5900000, 0x0000000100000000)
  eden space 2048K, 100% used [0x00000000d5580000,0x00000000d5780000,0x00000000d5780000)
  from space 1024K, 43% used [0x00000000d5780000,0x00000000d57f0000,0x00000000d5880000)
  to   space 512K, 0% used [0x00000000d5880000,0x00000000d5880000,0x00000000d5900000)
 ParOldGen       total 1069056K, used 229492K [0x0000000080000000, 0x00000000c1400000, 0x00000000d5580000)
  object space 1069056K, 21% used [0x0000000080000000,0x000000008e01d328,0x00000000c1400000)
 Metaspace       used 88752K, committed 90368K, reserved 1179648K
  class space    used 8948K, committed 9664K, reserved 1048576K
}
Event: 85439.040 GC heap after
{Heap after GC invocations=1685 (full 5):
 PSYoungGen      total 2560K, used 384K [0x00000000d5580000, 0x00000000d5900000, 0x0000000100000000)
  eden space 2048K, 0% used [0x00000000d5580000,0x00000000d5580000,0x00000000d5780000)
  from space 512K, 75% used [0x00000000d5880000,0x00000000d58e0000,0x00000000d5900000)
  to   space 512K, 0% used [0x00000000d5800000,0x00000000d5800000,0x00000000d5880000)
 ParOldGen       total 1069056K, used 229724K [0x0000000080000000, 0x00000000c1400000, 0x00000000d5580000)
  object space 1069056K, 21% used [0x0000000080000000,0x000000008e057348,0x00000000c1400000)
 Metaspace       used 88752K, committed 90368K, reserved 1179648K
  class space    used 8948K, committed 9664K, reserved 1048576K
}

